[2022-10-25T14:27:45.130+0000] {processor.py:154} INFO - Started process (PID=283) to work on /home/airflow/.local/lib/python3.7/site-packages/airflow/example_dags/example_xcom.py
[2022-10-25T14:27:45.141+0000] {processor.py:756} INFO - Processing file /home/airflow/.local/lib/python3.7/site-packages/airflow/example_dags/example_xcom.py for tasks to queue
[2022-10-25T14:27:45.144+0000] {logging_mixin.py:120} INFO - [2022-10-25T14:27:45.144+0000] {dagbag.py:537} INFO - Filling up the DagBag from /home/airflow/.local/lib/python3.7/site-packages/airflow/example_dags/example_xcom.py
[2022-10-25T14:27:45.519+0000] {processor.py:766} INFO - DAG(s) dict_keys(['example_xcom']) retrieved from /home/airflow/.local/lib/python3.7/site-packages/airflow/example_dags/example_xcom.py
[2022-10-25T14:27:46.621+0000] {logging_mixin.py:120} INFO - [2022-10-25T14:27:46.621+0000] {dag.py:2585} INFO - Sync 1 DAGs
[2022-10-25T14:27:46.797+0000] {logging_mixin.py:120} INFO - [2022-10-25T14:27:46.797+0000] {dag.py:3340} INFO - Setting next_dagrun for example_xcom to 2021-01-01T00:00:00+00:00, run_after=2021-01-01T00:00:00+00:00
[2022-10-25T14:27:46.922+0000] {processor.py:176} INFO - Processing /home/airflow/.local/lib/python3.7/site-packages/airflow/example_dags/example_xcom.py took 1.801 seconds
[2022-10-25T14:28:17.759+0000] {processor.py:154} INFO - Started process (PID=492) to work on /home/airflow/.local/lib/python3.7/site-packages/airflow/example_dags/example_xcom.py
[2022-10-25T14:28:17.766+0000] {processor.py:756} INFO - Processing file /home/airflow/.local/lib/python3.7/site-packages/airflow/example_dags/example_xcom.py for tasks to queue
[2022-10-25T14:28:17.771+0000] {logging_mixin.py:120} INFO - [2022-10-25T14:28:17.770+0000] {dagbag.py:537} INFO - Filling up the DagBag from /home/airflow/.local/lib/python3.7/site-packages/airflow/example_dags/example_xcom.py
[2022-10-25T14:28:17.860+0000] {processor.py:766} INFO - DAG(s) dict_keys(['example_xcom']) retrieved from /home/airflow/.local/lib/python3.7/site-packages/airflow/example_dags/example_xcom.py
[2022-10-25T14:28:17.998+0000] {logging_mixin.py:120} INFO - [2022-10-25T14:28:17.997+0000] {dag.py:2585} INFO - Sync 1 DAGs
[2022-10-25T14:28:18.037+0000] {logging_mixin.py:120} INFO - [2022-10-25T14:28:18.037+0000] {dag.py:3340} INFO - Setting next_dagrun for example_xcom to 2021-01-01T00:00:00+00:00, run_after=2021-01-01T00:00:00+00:00
[2022-10-25T14:28:18.075+0000] {processor.py:176} INFO - Processing /home/airflow/.local/lib/python3.7/site-packages/airflow/example_dags/example_xcom.py took 0.342 seconds
[2022-10-25T14:28:48.245+0000] {processor.py:154} INFO - Started process (PID=692) to work on /home/airflow/.local/lib/python3.7/site-packages/airflow/example_dags/example_xcom.py
[2022-10-25T14:28:48.248+0000] {processor.py:756} INFO - Processing file /home/airflow/.local/lib/python3.7/site-packages/airflow/example_dags/example_xcom.py for tasks to queue
[2022-10-25T14:28:48.249+0000] {logging_mixin.py:120} INFO - [2022-10-25T14:28:48.249+0000] {dagbag.py:537} INFO - Filling up the DagBag from /home/airflow/.local/lib/python3.7/site-packages/airflow/example_dags/example_xcom.py
[2022-10-25T14:28:48.279+0000] {processor.py:766} INFO - DAG(s) dict_keys(['example_xcom']) retrieved from /home/airflow/.local/lib/python3.7/site-packages/airflow/example_dags/example_xcom.py
[2022-10-25T14:28:48.330+0000] {logging_mixin.py:120} INFO - [2022-10-25T14:28:48.329+0000] {dag.py:2585} INFO - Sync 1 DAGs
[2022-10-25T14:28:48.362+0000] {logging_mixin.py:120} INFO - [2022-10-25T14:28:48.362+0000] {dag.py:3340} INFO - Setting next_dagrun for example_xcom to 2021-01-01T00:00:00+00:00, run_after=2021-01-01T00:00:00+00:00
[2022-10-25T14:28:48.384+0000] {processor.py:176} INFO - Processing /home/airflow/.local/lib/python3.7/site-packages/airflow/example_dags/example_xcom.py took 0.143 seconds
[2022-10-25T14:29:18.544+0000] {processor.py:154} INFO - Started process (PID=899) to work on /home/airflow/.local/lib/python3.7/site-packages/airflow/example_dags/example_xcom.py
[2022-10-25T14:29:18.550+0000] {processor.py:756} INFO - Processing file /home/airflow/.local/lib/python3.7/site-packages/airflow/example_dags/example_xcom.py for tasks to queue
[2022-10-25T14:29:18.554+0000] {logging_mixin.py:120} INFO - [2022-10-25T14:29:18.554+0000] {dagbag.py:537} INFO - Filling up the DagBag from /home/airflow/.local/lib/python3.7/site-packages/airflow/example_dags/example_xcom.py
[2022-10-25T14:29:18.619+0000] {processor.py:766} INFO - DAG(s) dict_keys(['example_xcom']) retrieved from /home/airflow/.local/lib/python3.7/site-packages/airflow/example_dags/example_xcom.py
[2022-10-25T14:29:18.763+0000] {logging_mixin.py:120} INFO - [2022-10-25T14:29:18.762+0000] {dag.py:2585} INFO - Sync 1 DAGs
[2022-10-25T14:29:18.808+0000] {logging_mixin.py:120} INFO - [2022-10-25T14:29:18.808+0000] {dag.py:3340} INFO - Setting next_dagrun for example_xcom to 2021-01-01T00:00:00+00:00, run_after=2021-01-01T00:00:00+00:00
[2022-10-25T14:29:18.859+0000] {processor.py:176} INFO - Processing /home/airflow/.local/lib/python3.7/site-packages/airflow/example_dags/example_xcom.py took 0.329 seconds
