[2022-10-25T14:27:50.419+0000] {processor.py:154} INFO - Started process (PID=337) to work on /home/airflow/.local/lib/python3.7/site-packages/airflow/example_dags/example_sla_dag.py
[2022-10-25T14:27:50.436+0000] {processor.py:756} INFO - Processing file /home/airflow/.local/lib/python3.7/site-packages/airflow/example_dags/example_sla_dag.py for tasks to queue
[2022-10-25T14:27:50.440+0000] {logging_mixin.py:120} INFO - [2022-10-25T14:27:50.440+0000] {dagbag.py:537} INFO - Filling up the DagBag from /home/airflow/.local/lib/python3.7/site-packages/airflow/example_dags/example_sla_dag.py
[2022-10-25T14:27:50.579+0000] {processor.py:766} INFO - DAG(s) dict_keys(['example_sla_dag']) retrieved from /home/airflow/.local/lib/python3.7/site-packages/airflow/example_dags/example_sla_dag.py
[2022-10-25T14:27:50.739+0000] {logging_mixin.py:120} INFO - [2022-10-25T14:27:50.739+0000] {dag.py:2585} INFO - Sync 1 DAGs
[2022-10-25T14:27:50.869+0000] {logging_mixin.py:120} INFO - [2022-10-25T14:27:50.869+0000] {dag.py:3340} INFO - Setting next_dagrun for example_sla_dag to 2022-10-25T14:24:00+00:00, run_after=2022-10-25T14:26:00+00:00
[2022-10-25T14:27:50.939+0000] {processor.py:176} INFO - Processing /home/airflow/.local/lib/python3.7/site-packages/airflow/example_dags/example_sla_dag.py took 0.524 seconds
[2022-10-25T14:28:21.630+0000] {processor.py:154} INFO - Started process (PID=537) to work on /home/airflow/.local/lib/python3.7/site-packages/airflow/example_dags/example_sla_dag.py
[2022-10-25T14:28:21.632+0000] {processor.py:756} INFO - Processing file /home/airflow/.local/lib/python3.7/site-packages/airflow/example_dags/example_sla_dag.py for tasks to queue
[2022-10-25T14:28:21.634+0000] {logging_mixin.py:120} INFO - [2022-10-25T14:28:21.634+0000] {dagbag.py:537} INFO - Filling up the DagBag from /home/airflow/.local/lib/python3.7/site-packages/airflow/example_dags/example_sla_dag.py
[2022-10-25T14:28:21.659+0000] {processor.py:766} INFO - DAG(s) dict_keys(['example_sla_dag']) retrieved from /home/airflow/.local/lib/python3.7/site-packages/airflow/example_dags/example_sla_dag.py
[2022-10-25T14:28:21.738+0000] {logging_mixin.py:120} INFO - [2022-10-25T14:28:21.737+0000] {dag.py:2585} INFO - Sync 1 DAGs
[2022-10-25T14:28:21.802+0000] {logging_mixin.py:120} INFO - [2022-10-25T14:28:21.801+0000] {dag.py:3340} INFO - Setting next_dagrun for example_sla_dag to 2022-10-25T14:26:00+00:00, run_after=2022-10-25T14:28:00+00:00
[2022-10-25T14:28:21.840+0000] {processor.py:176} INFO - Processing /home/airflow/.local/lib/python3.7/site-packages/airflow/example_dags/example_sla_dag.py took 0.213 seconds
[2022-10-25T14:28:52.582+0000] {processor.py:154} INFO - Started process (PID=746) to work on /home/airflow/.local/lib/python3.7/site-packages/airflow/example_dags/example_sla_dag.py
[2022-10-25T14:28:52.585+0000] {processor.py:756} INFO - Processing file /home/airflow/.local/lib/python3.7/site-packages/airflow/example_dags/example_sla_dag.py for tasks to queue
[2022-10-25T14:28:52.587+0000] {logging_mixin.py:120} INFO - [2022-10-25T14:28:52.586+0000] {dagbag.py:537} INFO - Filling up the DagBag from /home/airflow/.local/lib/python3.7/site-packages/airflow/example_dags/example_sla_dag.py
[2022-10-25T14:28:52.621+0000] {processor.py:766} INFO - DAG(s) dict_keys(['example_sla_dag']) retrieved from /home/airflow/.local/lib/python3.7/site-packages/airflow/example_dags/example_sla_dag.py
[2022-10-25T14:28:52.672+0000] {logging_mixin.py:120} INFO - [2022-10-25T14:28:52.672+0000] {dag.py:2585} INFO - Sync 1 DAGs
[2022-10-25T14:28:52.698+0000] {logging_mixin.py:120} INFO - [2022-10-25T14:28:52.698+0000] {dag.py:3340} INFO - Setting next_dagrun for example_sla_dag to 2022-10-25T14:26:00+00:00, run_after=2022-10-25T14:28:00+00:00
[2022-10-25T14:28:52.725+0000] {processor.py:176} INFO - Processing /home/airflow/.local/lib/python3.7/site-packages/airflow/example_dags/example_sla_dag.py took 0.149 seconds
[2022-10-25T14:29:23.749+0000] {processor.py:154} INFO - Started process (PID=944) to work on /home/airflow/.local/lib/python3.7/site-packages/airflow/example_dags/example_sla_dag.py
[2022-10-25T14:29:23.753+0000] {processor.py:756} INFO - Processing file /home/airflow/.local/lib/python3.7/site-packages/airflow/example_dags/example_sla_dag.py for tasks to queue
[2022-10-25T14:29:23.759+0000] {logging_mixin.py:120} INFO - [2022-10-25T14:29:23.758+0000] {dagbag.py:537} INFO - Filling up the DagBag from /home/airflow/.local/lib/python3.7/site-packages/airflow/example_dags/example_sla_dag.py
[2022-10-25T14:29:23.816+0000] {processor.py:766} INFO - DAG(s) dict_keys(['example_sla_dag']) retrieved from /home/airflow/.local/lib/python3.7/site-packages/airflow/example_dags/example_sla_dag.py
[2022-10-25T14:29:23.882+0000] {logging_mixin.py:120} INFO - [2022-10-25T14:29:23.882+0000] {dag.py:2585} INFO - Sync 1 DAGs
[2022-10-25T14:29:23.914+0000] {logging_mixin.py:120} INFO - [2022-10-25T14:29:23.914+0000] {dag.py:3340} INFO - Setting next_dagrun for example_sla_dag to 2022-10-25T14:26:00+00:00, run_after=2022-10-25T14:28:00+00:00
[2022-10-25T14:29:23.932+0000] {processor.py:176} INFO - Processing /home/airflow/.local/lib/python3.7/site-packages/airflow/example_dags/example_sla_dag.py took 0.191 seconds
