[2022-10-25T14:27:50.673+0000] {processor.py:154} INFO - Started process (PID=342) to work on /home/airflow/.local/lib/python3.7/site-packages/airflow/example_dags/example_local_kubernetes_executor.py
[2022-10-25T14:27:50.678+0000] {processor.py:756} INFO - Processing file /home/airflow/.local/lib/python3.7/site-packages/airflow/example_dags/example_local_kubernetes_executor.py for tasks to queue
[2022-10-25T14:27:50.683+0000] {logging_mixin.py:120} INFO - [2022-10-25T14:27:50.682+0000] {dagbag.py:537} INFO - Filling up the DagBag from /home/airflow/.local/lib/python3.7/site-packages/airflow/example_dags/example_local_kubernetes_executor.py
[2022-10-25T14:27:50.830+0000] {processor.py:766} INFO - DAG(s) dict_keys(['example_local_kubernetes_executor']) retrieved from /home/airflow/.local/lib/python3.7/site-packages/airflow/example_dags/example_local_kubernetes_executor.py
[2022-10-25T14:27:51.039+0000] {logging_mixin.py:120} INFO - [2022-10-25T14:27:51.039+0000] {dag.py:2585} INFO - Sync 1 DAGs
[2022-10-25T14:27:51.102+0000] {logging_mixin.py:120} INFO - [2022-10-25T14:27:51.102+0000] {dag.py:3340} INFO - Setting next_dagrun for example_local_kubernetes_executor to None, run_after=None
[2022-10-25T14:27:51.192+0000] {processor.py:176} INFO - Processing /home/airflow/.local/lib/python3.7/site-packages/airflow/example_dags/example_local_kubernetes_executor.py took 0.523 seconds
[2022-10-25T14:28:21.637+0000] {processor.py:154} INFO - Started process (PID=540) to work on /home/airflow/.local/lib/python3.7/site-packages/airflow/example_dags/example_local_kubernetes_executor.py
[2022-10-25T14:28:21.640+0000] {processor.py:756} INFO - Processing file /home/airflow/.local/lib/python3.7/site-packages/airflow/example_dags/example_local_kubernetes_executor.py for tasks to queue
[2022-10-25T14:28:21.642+0000] {logging_mixin.py:120} INFO - [2022-10-25T14:28:21.642+0000] {dagbag.py:537} INFO - Filling up the DagBag from /home/airflow/.local/lib/python3.7/site-packages/airflow/example_dags/example_local_kubernetes_executor.py
[2022-10-25T14:28:21.670+0000] {processor.py:766} INFO - DAG(s) dict_keys(['example_local_kubernetes_executor']) retrieved from /home/airflow/.local/lib/python3.7/site-packages/airflow/example_dags/example_local_kubernetes_executor.py
[2022-10-25T14:28:21.761+0000] {logging_mixin.py:120} INFO - [2022-10-25T14:28:21.761+0000] {dag.py:2585} INFO - Sync 1 DAGs
[2022-10-25T14:28:21.812+0000] {logging_mixin.py:120} INFO - [2022-10-25T14:28:21.812+0000] {dag.py:3340} INFO - Setting next_dagrun for example_local_kubernetes_executor to None, run_after=None
[2022-10-25T14:28:21.859+0000] {processor.py:176} INFO - Processing /home/airflow/.local/lib/python3.7/site-packages/airflow/example_dags/example_local_kubernetes_executor.py took 0.225 seconds
[2022-10-25T14:28:52.596+0000] {processor.py:154} INFO - Started process (PID=749) to work on /home/airflow/.local/lib/python3.7/site-packages/airflow/example_dags/example_local_kubernetes_executor.py
[2022-10-25T14:28:52.598+0000] {processor.py:756} INFO - Processing file /home/airflow/.local/lib/python3.7/site-packages/airflow/example_dags/example_local_kubernetes_executor.py for tasks to queue
[2022-10-25T14:28:52.600+0000] {logging_mixin.py:120} INFO - [2022-10-25T14:28:52.600+0000] {dagbag.py:537} INFO - Filling up the DagBag from /home/airflow/.local/lib/python3.7/site-packages/airflow/example_dags/example_local_kubernetes_executor.py
[2022-10-25T14:28:52.631+0000] {processor.py:766} INFO - DAG(s) dict_keys(['example_local_kubernetes_executor']) retrieved from /home/airflow/.local/lib/python3.7/site-packages/airflow/example_dags/example_local_kubernetes_executor.py
[2022-10-25T14:28:52.673+0000] {logging_mixin.py:120} INFO - [2022-10-25T14:28:52.672+0000] {dag.py:2585} INFO - Sync 1 DAGs
[2022-10-25T14:28:52.695+0000] {logging_mixin.py:120} INFO - [2022-10-25T14:28:52.695+0000] {dag.py:3340} INFO - Setting next_dagrun for example_local_kubernetes_executor to None, run_after=None
[2022-10-25T14:28:52.717+0000] {processor.py:176} INFO - Processing /home/airflow/.local/lib/python3.7/site-packages/airflow/example_dags/example_local_kubernetes_executor.py took 0.125 seconds
[2022-10-25T14:29:23.749+0000] {processor.py:154} INFO - Started process (PID=945) to work on /home/airflow/.local/lib/python3.7/site-packages/airflow/example_dags/example_local_kubernetes_executor.py
[2022-10-25T14:29:23.756+0000] {processor.py:756} INFO - Processing file /home/airflow/.local/lib/python3.7/site-packages/airflow/example_dags/example_local_kubernetes_executor.py for tasks to queue
[2022-10-25T14:29:23.759+0000] {logging_mixin.py:120} INFO - [2022-10-25T14:29:23.758+0000] {dagbag.py:537} INFO - Filling up the DagBag from /home/airflow/.local/lib/python3.7/site-packages/airflow/example_dags/example_local_kubernetes_executor.py
[2022-10-25T14:29:23.842+0000] {processor.py:766} INFO - DAG(s) dict_keys(['example_local_kubernetes_executor']) retrieved from /home/airflow/.local/lib/python3.7/site-packages/airflow/example_dags/example_local_kubernetes_executor.py
[2022-10-25T14:29:23.889+0000] {logging_mixin.py:120} INFO - [2022-10-25T14:29:23.889+0000] {dag.py:2585} INFO - Sync 1 DAGs
[2022-10-25T14:29:23.912+0000] {logging_mixin.py:120} INFO - [2022-10-25T14:29:23.912+0000] {dag.py:3340} INFO - Setting next_dagrun for example_local_kubernetes_executor to None, run_after=None
[2022-10-25T14:29:23.939+0000] {processor.py:176} INFO - Processing /home/airflow/.local/lib/python3.7/site-packages/airflow/example_dags/example_local_kubernetes_executor.py took 0.199 seconds
