[2022-10-25T14:27:49.592+0000] {processor.py:154} INFO - Started process (PID=332) to work on /home/airflow/.local/lib/python3.7/site-packages/airflow/example_dags/example_bash_operator.py
[2022-10-25T14:27:49.595+0000] {processor.py:756} INFO - Processing file /home/airflow/.local/lib/python3.7/site-packages/airflow/example_dags/example_bash_operator.py for tasks to queue
[2022-10-25T14:27:49.597+0000] {logging_mixin.py:120} INFO - [2022-10-25T14:27:49.597+0000] {dagbag.py:537} INFO - Filling up the DagBag from /home/airflow/.local/lib/python3.7/site-packages/airflow/example_dags/example_bash_operator.py
[2022-10-25T14:27:49.707+0000] {processor.py:766} INFO - DAG(s) dict_keys(['example_bash_operator']) retrieved from /home/airflow/.local/lib/python3.7/site-packages/airflow/example_dags/example_bash_operator.py
[2022-10-25T14:27:50.007+0000] {logging_mixin.py:120} INFO - [2022-10-25T14:27:50.005+0000] {dag.py:2585} INFO - Sync 1 DAGs
[2022-10-25T14:27:50.120+0000] {logging_mixin.py:120} INFO - [2022-10-25T14:27:50.119+0000] {dag.py:3340} INFO - Setting next_dagrun for example_bash_operator to 2022-10-24T00:00:00+00:00, run_after=2022-10-25T00:00:00+00:00
[2022-10-25T14:27:50.190+0000] {processor.py:176} INFO - Processing /home/airflow/.local/lib/python3.7/site-packages/airflow/example_dags/example_bash_operator.py took 0.601 seconds
[2022-10-25T14:28:20.363+0000] {processor.py:154} INFO - Started process (PID=527) to work on /home/airflow/.local/lib/python3.7/site-packages/airflow/example_dags/example_bash_operator.py
[2022-10-25T14:28:20.382+0000] {processor.py:756} INFO - Processing file /home/airflow/.local/lib/python3.7/site-packages/airflow/example_dags/example_bash_operator.py for tasks to queue
[2022-10-25T14:28:20.387+0000] {logging_mixin.py:120} INFO - [2022-10-25T14:28:20.387+0000] {dagbag.py:537} INFO - Filling up the DagBag from /home/airflow/.local/lib/python3.7/site-packages/airflow/example_dags/example_bash_operator.py
[2022-10-25T14:28:20.420+0000] {processor.py:766} INFO - DAG(s) dict_keys(['example_bash_operator']) retrieved from /home/airflow/.local/lib/python3.7/site-packages/airflow/example_dags/example_bash_operator.py
[2022-10-25T14:28:20.490+0000] {logging_mixin.py:120} INFO - [2022-10-25T14:28:20.490+0000] {dag.py:2585} INFO - Sync 1 DAGs
[2022-10-25T14:28:20.531+0000] {logging_mixin.py:120} INFO - [2022-10-25T14:28:20.530+0000] {dag.py:3340} INFO - Setting next_dagrun for example_bash_operator to 2022-10-24T00:00:00+00:00, run_after=2022-10-25T00:00:00+00:00
[2022-10-25T14:28:20.564+0000] {processor.py:176} INFO - Processing /home/airflow/.local/lib/python3.7/site-packages/airflow/example_dags/example_bash_operator.py took 0.204 seconds
[2022-10-25T14:28:51.414+0000] {processor.py:154} INFO - Started process (PID=739) to work on /home/airflow/.local/lib/python3.7/site-packages/airflow/example_dags/example_bash_operator.py
[2022-10-25T14:28:51.418+0000] {processor.py:756} INFO - Processing file /home/airflow/.local/lib/python3.7/site-packages/airflow/example_dags/example_bash_operator.py for tasks to queue
[2022-10-25T14:28:51.420+0000] {logging_mixin.py:120} INFO - [2022-10-25T14:28:51.420+0000] {dagbag.py:537} INFO - Filling up the DagBag from /home/airflow/.local/lib/python3.7/site-packages/airflow/example_dags/example_bash_operator.py
[2022-10-25T14:28:51.451+0000] {processor.py:766} INFO - DAG(s) dict_keys(['example_bash_operator']) retrieved from /home/airflow/.local/lib/python3.7/site-packages/airflow/example_dags/example_bash_operator.py
[2022-10-25T14:28:51.502+0000] {logging_mixin.py:120} INFO - [2022-10-25T14:28:51.502+0000] {dag.py:2585} INFO - Sync 1 DAGs
[2022-10-25T14:28:51.542+0000] {logging_mixin.py:120} INFO - [2022-10-25T14:28:51.542+0000] {dag.py:3340} INFO - Setting next_dagrun for example_bash_operator to 2022-10-24T00:00:00+00:00, run_after=2022-10-25T00:00:00+00:00
[2022-10-25T14:28:51.559+0000] {processor.py:176} INFO - Processing /home/airflow/.local/lib/python3.7/site-packages/airflow/example_dags/example_bash_operator.py took 0.149 seconds
[2022-10-25T14:29:22.246+0000] {processor.py:154} INFO - Started process (PID=937) to work on /home/airflow/.local/lib/python3.7/site-packages/airflow/example_dags/example_bash_operator.py
[2022-10-25T14:29:22.265+0000] {processor.py:756} INFO - Processing file /home/airflow/.local/lib/python3.7/site-packages/airflow/example_dags/example_bash_operator.py for tasks to queue
[2022-10-25T14:29:22.269+0000] {logging_mixin.py:120} INFO - [2022-10-25T14:29:22.269+0000] {dagbag.py:537} INFO - Filling up the DagBag from /home/airflow/.local/lib/python3.7/site-packages/airflow/example_dags/example_bash_operator.py
[2022-10-25T14:29:22.330+0000] {processor.py:766} INFO - DAG(s) dict_keys(['example_bash_operator']) retrieved from /home/airflow/.local/lib/python3.7/site-packages/airflow/example_dags/example_bash_operator.py
[2022-10-25T14:29:22.491+0000] {logging_mixin.py:120} INFO - [2022-10-25T14:29:22.490+0000] {dag.py:2585} INFO - Sync 1 DAGs
[2022-10-25T14:29:22.527+0000] {logging_mixin.py:120} INFO - [2022-10-25T14:29:22.526+0000] {dag.py:3340} INFO - Setting next_dagrun for example_bash_operator to 2022-10-24T00:00:00+00:00, run_after=2022-10-25T00:00:00+00:00
[2022-10-25T14:29:22.587+0000] {processor.py:176} INFO - Processing /home/airflow/.local/lib/python3.7/site-packages/airflow/example_dags/example_bash_operator.py took 0.350 seconds
