[2022-10-25T14:27:36.241+0000] {processor.py:154} INFO - Started process (PID=258) to work on /home/airflow/.local/lib/python3.7/site-packages/airflow/example_dags/example_task_group.py
[2022-10-25T14:27:36.259+0000] {processor.py:756} INFO - Processing file /home/airflow/.local/lib/python3.7/site-packages/airflow/example_dags/example_task_group.py for tasks to queue
[2022-10-25T14:27:36.414+0000] {logging_mixin.py:120} INFO - [2022-10-25T14:27:36.265+0000] {dagbag.py:537} INFO - Filling up the DagBag from /home/airflow/.local/lib/python3.7/site-packages/airflow/example_dags/example_task_group.py
[2022-10-25T14:27:36.545+0000] {processor.py:766} INFO - DAG(s) dict_keys(['example_task_group']) retrieved from /home/airflow/.local/lib/python3.7/site-packages/airflow/example_dags/example_task_group.py
[2022-10-25T14:27:37.404+0000] {logging_mixin.py:120} INFO - [2022-10-25T14:27:37.404+0000] {dag.py:2585} INFO - Sync 1 DAGs
[2022-10-25T14:27:38.413+0000] {logging_mixin.py:120} INFO - [2022-10-25T14:27:38.413+0000] {dag.py:3340} INFO - Setting next_dagrun for example_task_group to 2022-10-24T14:27:38.413167+00:00, run_after=2022-10-25T14:27:38.413167+00:00
[2022-10-25T14:27:38.589+0000] {processor.py:176} INFO - Processing /home/airflow/.local/lib/python3.7/site-packages/airflow/example_dags/example_task_group.py took 2.356 seconds
[2022-10-25T14:28:08.949+0000] {processor.py:154} INFO - Started process (PID=458) to work on /home/airflow/.local/lib/python3.7/site-packages/airflow/example_dags/example_task_group.py
[2022-10-25T14:28:08.951+0000] {processor.py:756} INFO - Processing file /home/airflow/.local/lib/python3.7/site-packages/airflow/example_dags/example_task_group.py for tasks to queue
[2022-10-25T14:28:08.954+0000] {logging_mixin.py:120} INFO - [2022-10-25T14:28:08.954+0000] {dagbag.py:537} INFO - Filling up the DagBag from /home/airflow/.local/lib/python3.7/site-packages/airflow/example_dags/example_task_group.py
[2022-10-25T14:28:08.993+0000] {processor.py:766} INFO - DAG(s) dict_keys(['example_task_group']) retrieved from /home/airflow/.local/lib/python3.7/site-packages/airflow/example_dags/example_task_group.py
[2022-10-25T14:28:09.090+0000] {logging_mixin.py:120} INFO - [2022-10-25T14:28:09.090+0000] {dag.py:2585} INFO - Sync 1 DAGs
[2022-10-25T14:28:09.137+0000] {logging_mixin.py:120} INFO - [2022-10-25T14:28:09.137+0000] {dag.py:3340} INFO - Setting next_dagrun for example_task_group to 2022-10-24T14:28:09.137469+00:00, run_after=2022-10-25T14:28:09.137469+00:00
[2022-10-25T14:28:09.175+0000] {processor.py:176} INFO - Processing /home/airflow/.local/lib/python3.7/site-packages/airflow/example_dags/example_task_group.py took 0.229 seconds
[2022-10-25T14:28:39.470+0000] {processor.py:154} INFO - Started process (PID=657) to work on /home/airflow/.local/lib/python3.7/site-packages/airflow/example_dags/example_task_group.py
[2022-10-25T14:28:39.473+0000] {processor.py:756} INFO - Processing file /home/airflow/.local/lib/python3.7/site-packages/airflow/example_dags/example_task_group.py for tasks to queue
[2022-10-25T14:28:39.475+0000] {logging_mixin.py:120} INFO - [2022-10-25T14:28:39.475+0000] {dagbag.py:537} INFO - Filling up the DagBag from /home/airflow/.local/lib/python3.7/site-packages/airflow/example_dags/example_task_group.py
[2022-10-25T14:28:39.494+0000] {processor.py:766} INFO - DAG(s) dict_keys(['example_task_group']) retrieved from /home/airflow/.local/lib/python3.7/site-packages/airflow/example_dags/example_task_group.py
[2022-10-25T14:28:39.539+0000] {logging_mixin.py:120} INFO - [2022-10-25T14:28:39.538+0000] {dag.py:2585} INFO - Sync 1 DAGs
[2022-10-25T14:28:39.562+0000] {logging_mixin.py:120} INFO - [2022-10-25T14:28:39.562+0000] {dag.py:3340} INFO - Setting next_dagrun for example_task_group to 2022-10-24T14:28:39.562477+00:00, run_after=2022-10-25T14:28:39.562477+00:00
[2022-10-25T14:28:39.580+0000] {processor.py:176} INFO - Processing /home/airflow/.local/lib/python3.7/site-packages/airflow/example_dags/example_task_group.py took 0.116 seconds
[2022-10-25T14:29:10.228+0000] {processor.py:154} INFO - Started process (PID=865) to work on /home/airflow/.local/lib/python3.7/site-packages/airflow/example_dags/example_task_group.py
[2022-10-25T14:29:10.233+0000] {processor.py:756} INFO - Processing file /home/airflow/.local/lib/python3.7/site-packages/airflow/example_dags/example_task_group.py for tasks to queue
[2022-10-25T14:29:10.235+0000] {logging_mixin.py:120} INFO - [2022-10-25T14:29:10.235+0000] {dagbag.py:537} INFO - Filling up the DagBag from /home/airflow/.local/lib/python3.7/site-packages/airflow/example_dags/example_task_group.py
[2022-10-25T14:29:10.291+0000] {processor.py:766} INFO - DAG(s) dict_keys(['example_task_group']) retrieved from /home/airflow/.local/lib/python3.7/site-packages/airflow/example_dags/example_task_group.py
[2022-10-25T14:29:10.392+0000] {logging_mixin.py:120} INFO - [2022-10-25T14:29:10.392+0000] {dag.py:2585} INFO - Sync 1 DAGs
[2022-10-25T14:29:10.428+0000] {logging_mixin.py:120} INFO - [2022-10-25T14:29:10.428+0000] {dag.py:3340} INFO - Setting next_dagrun for example_task_group to 2022-10-24T14:29:10.427856+00:00, run_after=2022-10-25T14:29:10.427856+00:00
[2022-10-25T14:29:10.455+0000] {processor.py:176} INFO - Processing /home/airflow/.local/lib/python3.7/site-packages/airflow/example_dags/example_task_group.py took 0.242 seconds
