[2022-10-25T14:27:46.095+0000] {processor.py:154} INFO - Started process (PID=288) to work on /home/airflow/.local/lib/python3.7/site-packages/airflow/example_dags/example_datasets.py
[2022-10-25T14:27:46.100+0000] {processor.py:756} INFO - Processing file /home/airflow/.local/lib/python3.7/site-packages/airflow/example_dags/example_datasets.py for tasks to queue
[2022-10-25T14:27:46.103+0000] {logging_mixin.py:120} INFO - [2022-10-25T14:27:46.103+0000] {dagbag.py:537} INFO - Filling up the DagBag from /home/airflow/.local/lib/python3.7/site-packages/airflow/example_dags/example_datasets.py
[2022-10-25T14:27:46.600+0000] {processor.py:766} INFO - DAG(s) dict_keys(['dataset_consumes_1', 'dataset_consumes_1_and_2', 'dataset_produces_1', 'dataset_consumes_1_never_scheduled', 'dataset_consumes_unknown_never_scheduled', 'dataset_produces_2']) retrieved from /home/airflow/.local/lib/python3.7/site-packages/airflow/example_dags/example_datasets.py
[2022-10-25T14:27:47.150+0000] {logging_mixin.py:120} INFO - [2022-10-25T14:27:47.150+0000] {dag.py:2585} INFO - Sync 6 DAGs
[2022-10-25T14:27:47.279+0000] {logging_mixin.py:120} INFO - [2022-10-25T14:27:47.278+0000] {dag.py:3340} INFO - Setting next_dagrun for dataset_consumes_1 to None, run_after=None
[2022-10-25T14:27:47.295+0000] {logging_mixin.py:120} INFO - [2022-10-25T14:27:47.295+0000] {dag.py:3340} INFO - Setting next_dagrun for dataset_consumes_1_and_2 to None, run_after=None
[2022-10-25T14:27:47.299+0000] {logging_mixin.py:120} INFO - [2022-10-25T14:27:47.299+0000] {dag.py:3340} INFO - Setting next_dagrun for dataset_consumes_1_never_scheduled to None, run_after=None
[2022-10-25T14:27:47.303+0000] {logging_mixin.py:120} INFO - [2022-10-25T14:27:47.302+0000] {dag.py:3340} INFO - Setting next_dagrun for dataset_consumes_unknown_never_scheduled to None, run_after=None
[2022-10-25T14:27:47.320+0000] {logging_mixin.py:120} INFO - [2022-10-25T14:27:47.320+0000] {dag.py:3340} INFO - Setting next_dagrun for dataset_produces_1 to 2022-10-24T00:00:00+00:00, run_after=2022-10-25T00:00:00+00:00
[2022-10-25T14:27:47.325+0000] {logging_mixin.py:120} INFO - [2022-10-25T14:27:47.325+0000] {dag.py:3340} INFO - Setting next_dagrun for dataset_produces_2 to None, run_after=None
[2022-10-25T14:27:47.431+0000] {processor.py:176} INFO - Processing /home/airflow/.local/lib/python3.7/site-packages/airflow/example_dags/example_datasets.py took 1.425 seconds
[2022-10-25T14:28:17.760+0000] {processor.py:154} INFO - Started process (PID=493) to work on /home/airflow/.local/lib/python3.7/site-packages/airflow/example_dags/example_datasets.py
[2022-10-25T14:28:17.765+0000] {processor.py:756} INFO - Processing file /home/airflow/.local/lib/python3.7/site-packages/airflow/example_dags/example_datasets.py for tasks to queue
[2022-10-25T14:28:17.768+0000] {logging_mixin.py:120} INFO - [2022-10-25T14:28:17.768+0000] {dagbag.py:537} INFO - Filling up the DagBag from /home/airflow/.local/lib/python3.7/site-packages/airflow/example_dags/example_datasets.py
[2022-10-25T14:28:17.849+0000] {processor.py:766} INFO - DAG(s) dict_keys(['dataset_produces_2', 'dataset_consumes_1_never_scheduled', 'dataset_consumes_1_and_2', 'dataset_produces_1', 'dataset_consumes_1', 'dataset_consumes_unknown_never_scheduled']) retrieved from /home/airflow/.local/lib/python3.7/site-packages/airflow/example_dags/example_datasets.py
[2022-10-25T14:28:18.007+0000] {logging_mixin.py:120} INFO - [2022-10-25T14:28:18.007+0000] {dag.py:2585} INFO - Sync 6 DAGs
[2022-10-25T14:28:18.038+0000] {logging_mixin.py:120} INFO - [2022-10-25T14:28:18.037+0000] {dag.py:3340} INFO - Setting next_dagrun for dataset_consumes_1 to None, run_after=None
[2022-10-25T14:28:18.044+0000] {logging_mixin.py:120} INFO - [2022-10-25T14:28:18.044+0000] {dag.py:3340} INFO - Setting next_dagrun for dataset_consumes_1_and_2 to None, run_after=None
[2022-10-25T14:28:18.048+0000] {logging_mixin.py:120} INFO - [2022-10-25T14:28:18.048+0000] {dag.py:3340} INFO - Setting next_dagrun for dataset_consumes_1_never_scheduled to None, run_after=None
[2022-10-25T14:28:18.052+0000] {logging_mixin.py:120} INFO - [2022-10-25T14:28:18.051+0000] {dag.py:3340} INFO - Setting next_dagrun for dataset_consumes_unknown_never_scheduled to None, run_after=None
[2022-10-25T14:28:18.058+0000] {logging_mixin.py:120} INFO - [2022-10-25T14:28:18.057+0000] {dag.py:3340} INFO - Setting next_dagrun for dataset_produces_1 to 2022-10-24T00:00:00+00:00, run_after=2022-10-25T00:00:00+00:00
[2022-10-25T14:28:18.062+0000] {logging_mixin.py:120} INFO - [2022-10-25T14:28:18.062+0000] {dag.py:3340} INFO - Setting next_dagrun for dataset_produces_2 to None, run_after=None
[2022-10-25T14:28:18.119+0000] {processor.py:176} INFO - Processing /home/airflow/.local/lib/python3.7/site-packages/airflow/example_dags/example_datasets.py took 0.380 seconds
[2022-10-25T14:28:48.245+0000] {processor.py:154} INFO - Started process (PID=695) to work on /home/airflow/.local/lib/python3.7/site-packages/airflow/example_dags/example_datasets.py
[2022-10-25T14:28:48.248+0000] {processor.py:756} INFO - Processing file /home/airflow/.local/lib/python3.7/site-packages/airflow/example_dags/example_datasets.py for tasks to queue
[2022-10-25T14:28:48.250+0000] {logging_mixin.py:120} INFO - [2022-10-25T14:28:48.250+0000] {dagbag.py:537} INFO - Filling up the DagBag from /home/airflow/.local/lib/python3.7/site-packages/airflow/example_dags/example_datasets.py
[2022-10-25T14:28:48.274+0000] {processor.py:766} INFO - DAG(s) dict_keys(['dataset_consumes_1', 'dataset_produces_1', 'dataset_consumes_unknown_never_scheduled', 'dataset_produces_2', 'dataset_consumes_1_never_scheduled', 'dataset_consumes_1_and_2']) retrieved from /home/airflow/.local/lib/python3.7/site-packages/airflow/example_dags/example_datasets.py
[2022-10-25T14:28:48.343+0000] {logging_mixin.py:120} INFO - [2022-10-25T14:28:48.343+0000] {dag.py:2585} INFO - Sync 6 DAGs
[2022-10-25T14:28:48.374+0000] {logging_mixin.py:120} INFO - [2022-10-25T14:28:48.374+0000] {dag.py:3340} INFO - Setting next_dagrun for dataset_consumes_1 to None, run_after=None
[2022-10-25T14:28:48.378+0000] {logging_mixin.py:120} INFO - [2022-10-25T14:28:48.378+0000] {dag.py:3340} INFO - Setting next_dagrun for dataset_consumes_1_and_2 to None, run_after=None
[2022-10-25T14:28:48.381+0000] {logging_mixin.py:120} INFO - [2022-10-25T14:28:48.381+0000] {dag.py:3340} INFO - Setting next_dagrun for dataset_consumes_1_never_scheduled to None, run_after=None
[2022-10-25T14:28:48.383+0000] {logging_mixin.py:120} INFO - [2022-10-25T14:28:48.383+0000] {dag.py:3340} INFO - Setting next_dagrun for dataset_consumes_unknown_never_scheduled to None, run_after=None
[2022-10-25T14:28:48.387+0000] {logging_mixin.py:120} INFO - [2022-10-25T14:28:48.387+0000] {dag.py:3340} INFO - Setting next_dagrun for dataset_produces_1 to 2022-10-24T00:00:00+00:00, run_after=2022-10-25T00:00:00+00:00
[2022-10-25T14:28:48.390+0000] {logging_mixin.py:120} INFO - [2022-10-25T14:28:48.389+0000] {dag.py:3340} INFO - Setting next_dagrun for dataset_produces_2 to None, run_after=None
[2022-10-25T14:28:48.416+0000] {processor.py:176} INFO - Processing /home/airflow/.local/lib/python3.7/site-packages/airflow/example_dags/example_datasets.py took 0.174 seconds
[2022-10-25T14:29:18.542+0000] {processor.py:154} INFO - Started process (PID=900) to work on /home/airflow/.local/lib/python3.7/site-packages/airflow/example_dags/example_datasets.py
[2022-10-25T14:29:18.550+0000] {processor.py:756} INFO - Processing file /home/airflow/.local/lib/python3.7/site-packages/airflow/example_dags/example_datasets.py for tasks to queue
[2022-10-25T14:29:18.553+0000] {logging_mixin.py:120} INFO - [2022-10-25T14:29:18.553+0000] {dagbag.py:537} INFO - Filling up the DagBag from /home/airflow/.local/lib/python3.7/site-packages/airflow/example_dags/example_datasets.py
[2022-10-25T14:29:18.611+0000] {processor.py:766} INFO - DAG(s) dict_keys(['dataset_produces_2', 'dataset_consumes_1_and_2', 'dataset_consumes_unknown_never_scheduled', 'dataset_produces_1', 'dataset_consumes_1_never_scheduled', 'dataset_consumes_1']) retrieved from /home/airflow/.local/lib/python3.7/site-packages/airflow/example_dags/example_datasets.py
[2022-10-25T14:29:18.786+0000] {logging_mixin.py:120} INFO - [2022-10-25T14:29:18.786+0000] {dag.py:2585} INFO - Sync 6 DAGs
[2022-10-25T14:29:18.818+0000] {logging_mixin.py:120} INFO - [2022-10-25T14:29:18.818+0000] {dag.py:3340} INFO - Setting next_dagrun for dataset_consumes_1 to None, run_after=None
[2022-10-25T14:29:18.827+0000] {logging_mixin.py:120} INFO - [2022-10-25T14:29:18.826+0000] {dag.py:3340} INFO - Setting next_dagrun for dataset_consumes_1_and_2 to None, run_after=None
[2022-10-25T14:29:18.830+0000] {logging_mixin.py:120} INFO - [2022-10-25T14:29:18.830+0000] {dag.py:3340} INFO - Setting next_dagrun for dataset_consumes_1_never_scheduled to None, run_after=None
[2022-10-25T14:29:18.835+0000] {logging_mixin.py:120} INFO - [2022-10-25T14:29:18.835+0000] {dag.py:3340} INFO - Setting next_dagrun for dataset_consumes_unknown_never_scheduled to None, run_after=None
[2022-10-25T14:29:18.841+0000] {logging_mixin.py:120} INFO - [2022-10-25T14:29:18.840+0000] {dag.py:3340} INFO - Setting next_dagrun for dataset_produces_1 to 2022-10-24T00:00:00+00:00, run_after=2022-10-25T00:00:00+00:00
[2022-10-25T14:29:18.845+0000] {logging_mixin.py:120} INFO - [2022-10-25T14:29:18.845+0000] {dag.py:3340} INFO - Setting next_dagrun for dataset_produces_2 to None, run_after=None
[2022-10-25T14:29:18.931+0000] {processor.py:176} INFO - Processing /home/airflow/.local/lib/python3.7/site-packages/airflow/example_dags/example_datasets.py took 0.402 seconds
