[2022-10-25T14:27:33.732+0000] {processor.py:154} INFO - Started process (PID=253) to work on /home/airflow/.local/lib/python3.7/site-packages/airflow/example_dags/example_short_circuit_decorator.py
[2022-10-25T14:27:33.737+0000] {processor.py:756} INFO - Processing file /home/airflow/.local/lib/python3.7/site-packages/airflow/example_dags/example_short_circuit_decorator.py for tasks to queue
[2022-10-25T14:27:33.747+0000] {logging_mixin.py:120} INFO - [2022-10-25T14:27:33.747+0000] {dagbag.py:537} INFO - Filling up the DagBag from /home/airflow/.local/lib/python3.7/site-packages/airflow/example_dags/example_short_circuit_decorator.py
[2022-10-25T14:27:34.995+0000] {processor.py:766} INFO - DAG(s) dict_keys(['example_short_circuit_decorator']) retrieved from /home/airflow/.local/lib/python3.7/site-packages/airflow/example_dags/example_short_circuit_decorator.py
[2022-10-25T14:27:36.114+0000] {logging_mixin.py:120} INFO - [2022-10-25T14:27:36.113+0000] {dag.py:2585} INFO - Sync 1 DAGs
[2022-10-25T14:27:36.217+0000] {logging_mixin.py:120} INFO - [2022-10-25T14:27:36.217+0000] {dag.py:3340} INFO - Setting next_dagrun for example_short_circuit_decorator to 2022-10-24T14:27:36.207096+00:00, run_after=2022-10-25T14:27:36.207096+00:00
[2022-10-25T14:27:36.336+0000] {processor.py:176} INFO - Processing /home/airflow/.local/lib/python3.7/site-packages/airflow/example_dags/example_short_circuit_decorator.py took 2.687 seconds
[2022-10-25T14:28:06.917+0000] {processor.py:154} INFO - Started process (PID=453) to work on /home/airflow/.local/lib/python3.7/site-packages/airflow/example_dags/example_short_circuit_decorator.py
[2022-10-25T14:28:06.923+0000] {processor.py:756} INFO - Processing file /home/airflow/.local/lib/python3.7/site-packages/airflow/example_dags/example_short_circuit_decorator.py for tasks to queue
[2022-10-25T14:28:06.926+0000] {logging_mixin.py:120} INFO - [2022-10-25T14:28:06.926+0000] {dagbag.py:537} INFO - Filling up the DagBag from /home/airflow/.local/lib/python3.7/site-packages/airflow/example_dags/example_short_circuit_decorator.py
[2022-10-25T14:28:06.959+0000] {processor.py:766} INFO - DAG(s) dict_keys(['example_short_circuit_decorator']) retrieved from /home/airflow/.local/lib/python3.7/site-packages/airflow/example_dags/example_short_circuit_decorator.py
[2022-10-25T14:28:07.020+0000] {logging_mixin.py:120} INFO - [2022-10-25T14:28:07.020+0000] {dag.py:2585} INFO - Sync 1 DAGs
[2022-10-25T14:28:07.058+0000] {logging_mixin.py:120} INFO - [2022-10-25T14:28:07.058+0000] {dag.py:3340} INFO - Setting next_dagrun for example_short_circuit_decorator to 2022-10-24T14:28:07.056723+00:00, run_after=2022-10-25T14:28:07.056723+00:00
[2022-10-25T14:28:07.100+0000] {processor.py:176} INFO - Processing /home/airflow/.local/lib/python3.7/site-packages/airflow/example_dags/example_short_circuit_decorator.py took 0.183 seconds
[2022-10-25T14:28:37.293+0000] {processor.py:154} INFO - Started process (PID=650) to work on /home/airflow/.local/lib/python3.7/site-packages/airflow/example_dags/example_short_circuit_decorator.py
[2022-10-25T14:28:37.294+0000] {processor.py:756} INFO - Processing file /home/airflow/.local/lib/python3.7/site-packages/airflow/example_dags/example_short_circuit_decorator.py for tasks to queue
[2022-10-25T14:28:37.296+0000] {logging_mixin.py:120} INFO - [2022-10-25T14:28:37.296+0000] {dagbag.py:537} INFO - Filling up the DagBag from /home/airflow/.local/lib/python3.7/site-packages/airflow/example_dags/example_short_circuit_decorator.py
[2022-10-25T14:28:37.324+0000] {processor.py:766} INFO - DAG(s) dict_keys(['example_short_circuit_decorator']) retrieved from /home/airflow/.local/lib/python3.7/site-packages/airflow/example_dags/example_short_circuit_decorator.py
[2022-10-25T14:28:37.367+0000] {logging_mixin.py:120} INFO - [2022-10-25T14:28:37.367+0000] {dag.py:2585} INFO - Sync 1 DAGs
[2022-10-25T14:28:37.390+0000] {logging_mixin.py:120} INFO - [2022-10-25T14:28:37.389+0000] {dag.py:3340} INFO - Setting next_dagrun for example_short_circuit_decorator to 2022-10-24T14:28:37.389405+00:00, run_after=2022-10-25T14:28:37.389405+00:00
[2022-10-25T14:28:37.413+0000] {processor.py:176} INFO - Processing /home/airflow/.local/lib/python3.7/site-packages/airflow/example_dags/example_short_circuit_decorator.py took 0.125 seconds
[2022-10-25T14:29:07.868+0000] {processor.py:154} INFO - Started process (PID=856) to work on /home/airflow/.local/lib/python3.7/site-packages/airflow/example_dags/example_short_circuit_decorator.py
[2022-10-25T14:29:07.879+0000] {processor.py:756} INFO - Processing file /home/airflow/.local/lib/python3.7/site-packages/airflow/example_dags/example_short_circuit_decorator.py for tasks to queue
[2022-10-25T14:29:07.884+0000] {logging_mixin.py:120} INFO - [2022-10-25T14:29:07.883+0000] {dagbag.py:537} INFO - Filling up the DagBag from /home/airflow/.local/lib/python3.7/site-packages/airflow/example_dags/example_short_circuit_decorator.py
[2022-10-25T14:29:07.922+0000] {processor.py:766} INFO - DAG(s) dict_keys(['example_short_circuit_decorator']) retrieved from /home/airflow/.local/lib/python3.7/site-packages/airflow/example_dags/example_short_circuit_decorator.py
[2022-10-25T14:29:07.996+0000] {logging_mixin.py:120} INFO - [2022-10-25T14:29:07.996+0000] {dag.py:2585} INFO - Sync 1 DAGs
[2022-10-25T14:29:08.038+0000] {logging_mixin.py:120} INFO - [2022-10-25T14:29:08.038+0000] {dag.py:3340} INFO - Setting next_dagrun for example_short_circuit_decorator to 2022-10-24T14:29:08.037766+00:00, run_after=2022-10-25T14:29:08.037766+00:00
[2022-10-25T14:29:08.075+0000] {processor.py:176} INFO - Processing /home/airflow/.local/lib/python3.7/site-packages/airflow/example_dags/example_short_circuit_decorator.py took 0.218 seconds
