[2022-10-25T14:27:47.546+0000] {processor.py:154} INFO - Started process (PID=298) to work on /home/airflow/.local/lib/python3.7/site-packages/airflow/example_dags/example_branch_operator.py
[2022-10-25T14:27:47.548+0000] {processor.py:756} INFO - Processing file /home/airflow/.local/lib/python3.7/site-packages/airflow/example_dags/example_branch_operator.py for tasks to queue
[2022-10-25T14:27:47.552+0000] {logging_mixin.py:120} INFO - [2022-10-25T14:27:47.552+0000] {dagbag.py:537} INFO - Filling up the DagBag from /home/airflow/.local/lib/python3.7/site-packages/airflow/example_dags/example_branch_operator.py
[2022-10-25T14:27:47.572+0000] {processor.py:766} INFO - DAG(s) dict_keys(['example_branch_operator']) retrieved from /home/airflow/.local/lib/python3.7/site-packages/airflow/example_dags/example_branch_operator.py
[2022-10-25T14:27:47.679+0000] {logging_mixin.py:120} INFO - [2022-10-25T14:27:47.679+0000] {dag.py:2585} INFO - Sync 1 DAGs
[2022-10-25T14:27:47.731+0000] {logging_mixin.py:120} INFO - [2022-10-25T14:27:47.731+0000] {dag.py:3340} INFO - Setting next_dagrun for example_branch_operator to 2022-10-24T00:00:00+00:00, run_after=2022-10-25T00:00:00+00:00
[2022-10-25T14:27:47.771+0000] {processor.py:176} INFO - Processing /home/airflow/.local/lib/python3.7/site-packages/airflow/example_dags/example_branch_operator.py took 0.229 seconds
[2022-10-25T14:28:18.148+0000] {processor.py:154} INFO - Started process (PID=502) to work on /home/airflow/.local/lib/python3.7/site-packages/airflow/example_dags/example_branch_operator.py
[2022-10-25T14:28:18.150+0000] {processor.py:756} INFO - Processing file /home/airflow/.local/lib/python3.7/site-packages/airflow/example_dags/example_branch_operator.py for tasks to queue
[2022-10-25T14:28:18.151+0000] {logging_mixin.py:120} INFO - [2022-10-25T14:28:18.151+0000] {dagbag.py:537} INFO - Filling up the DagBag from /home/airflow/.local/lib/python3.7/site-packages/airflow/example_dags/example_branch_operator.py
[2022-10-25T14:28:18.169+0000] {processor.py:766} INFO - DAG(s) dict_keys(['example_branch_operator']) retrieved from /home/airflow/.local/lib/python3.7/site-packages/airflow/example_dags/example_branch_operator.py
[2022-10-25T14:28:18.216+0000] {logging_mixin.py:120} INFO - [2022-10-25T14:28:18.215+0000] {dag.py:2585} INFO - Sync 1 DAGs
[2022-10-25T14:28:18.239+0000] {logging_mixin.py:120} INFO - [2022-10-25T14:28:18.239+0000] {dag.py:3340} INFO - Setting next_dagrun for example_branch_operator to 2022-10-24T00:00:00+00:00, run_after=2022-10-25T00:00:00+00:00
[2022-10-25T14:28:18.256+0000] {processor.py:176} INFO - Processing /home/airflow/.local/lib/python3.7/site-packages/airflow/example_dags/example_branch_operator.py took 0.113 seconds
[2022-10-25T14:28:48.426+0000] {processor.py:154} INFO - Started process (PID=700) to work on /home/airflow/.local/lib/python3.7/site-packages/airflow/example_dags/example_branch_operator.py
[2022-10-25T14:28:48.429+0000] {processor.py:756} INFO - Processing file /home/airflow/.local/lib/python3.7/site-packages/airflow/example_dags/example_branch_operator.py for tasks to queue
[2022-10-25T14:28:48.430+0000] {logging_mixin.py:120} INFO - [2022-10-25T14:28:48.430+0000] {dagbag.py:537} INFO - Filling up the DagBag from /home/airflow/.local/lib/python3.7/site-packages/airflow/example_dags/example_branch_operator.py
[2022-10-25T14:28:48.445+0000] {processor.py:766} INFO - DAG(s) dict_keys(['example_branch_operator']) retrieved from /home/airflow/.local/lib/python3.7/site-packages/airflow/example_dags/example_branch_operator.py
[2022-10-25T14:28:48.475+0000] {logging_mixin.py:120} INFO - [2022-10-25T14:28:48.475+0000] {dag.py:2585} INFO - Sync 1 DAGs
[2022-10-25T14:28:48.497+0000] {logging_mixin.py:120} INFO - [2022-10-25T14:28:48.497+0000] {dag.py:3340} INFO - Setting next_dagrun for example_branch_operator to 2022-10-24T00:00:00+00:00, run_after=2022-10-25T00:00:00+00:00
[2022-10-25T14:28:48.512+0000] {processor.py:176} INFO - Processing /home/airflow/.local/lib/python3.7/site-packages/airflow/example_dags/example_branch_operator.py took 0.089 seconds
[2022-10-25T14:29:18.956+0000] {processor.py:154} INFO - Started process (PID=907) to work on /home/airflow/.local/lib/python3.7/site-packages/airflow/example_dags/example_branch_operator.py
[2022-10-25T14:29:18.967+0000] {processor.py:756} INFO - Processing file /home/airflow/.local/lib/python3.7/site-packages/airflow/example_dags/example_branch_operator.py for tasks to queue
[2022-10-25T14:29:18.974+0000] {logging_mixin.py:120} INFO - [2022-10-25T14:29:18.973+0000] {dagbag.py:537} INFO - Filling up the DagBag from /home/airflow/.local/lib/python3.7/site-packages/airflow/example_dags/example_branch_operator.py
[2022-10-25T14:29:19.053+0000] {processor.py:766} INFO - DAG(s) dict_keys(['example_branch_operator']) retrieved from /home/airflow/.local/lib/python3.7/site-packages/airflow/example_dags/example_branch_operator.py
[2022-10-25T14:29:19.125+0000] {logging_mixin.py:120} INFO - [2022-10-25T14:29:19.125+0000] {dag.py:2585} INFO - Sync 1 DAGs
[2022-10-25T14:29:19.163+0000] {logging_mixin.py:120} INFO - [2022-10-25T14:29:19.163+0000] {dag.py:3340} INFO - Setting next_dagrun for example_branch_operator to 2022-10-24T00:00:00+00:00, run_after=2022-10-25T00:00:00+00:00
[2022-10-25T14:29:19.209+0000] {processor.py:176} INFO - Processing /home/airflow/.local/lib/python3.7/site-packages/airflow/example_dags/example_branch_operator.py took 0.257 seconds
