[2022-10-25T14:27:27.878+0000] {processor.py:154} INFO - Started process (PID=204) to work on /home/airflow/.local/lib/python3.7/site-packages/airflow/example_dags/example_python_operator.py
[2022-10-25T14:27:27.888+0000] {processor.py:756} INFO - Processing file /home/airflow/.local/lib/python3.7/site-packages/airflow/example_dags/example_python_operator.py for tasks to queue
[2022-10-25T14:27:27.903+0000] {logging_mixin.py:120} INFO - [2022-10-25T14:27:27.902+0000] {dagbag.py:537} INFO - Filling up the DagBag from /home/airflow/.local/lib/python3.7/site-packages/airflow/example_dags/example_python_operator.py
[2022-10-25T14:27:27.953+0000] {logging_mixin.py:120} INFO - [2022-10-25T14:27:27.953+0000] {taskmixin.py:205} WARNING - Dependency <Task(_PythonDecoratedOperator): print_the_context>, log_sql_query already registered for DAG: example_python_operator
[2022-10-25T14:27:27.956+0000] {logging_mixin.py:120} INFO - [2022-10-25T14:27:27.956+0000] {taskmixin.py:205} WARNING - Dependency <Task(_PythonDecoratedOperator): log_sql_query>, print_the_context already registered for DAG: example_python_operator
[2022-10-25T14:27:27.980+0000] {logging_mixin.py:120} INFO - [2022-10-25T14:27:27.980+0000] {taskmixin.py:205} WARNING - Dependency <Task(_PythonDecoratedOperator): print_the_context>, log_sql_query already registered for DAG: example_python_operator
[2022-10-25T14:27:27.986+0000] {logging_mixin.py:120} INFO - [2022-10-25T14:27:27.985+0000] {taskmixin.py:205} WARNING - Dependency <Task(_PythonDecoratedOperator): log_sql_query>, print_the_context already registered for DAG: example_python_operator
[2022-10-25T14:27:27.991+0000] {logging_mixin.py:120} INFO - [2022-10-25T14:27:27.991+0000] {taskmixin.py:205} WARNING - Dependency <Task(_PythonDecoratedOperator): print_the_context>, log_sql_query already registered for DAG: example_python_operator
[2022-10-25T14:27:27.995+0000] {logging_mixin.py:120} INFO - [2022-10-25T14:27:27.995+0000] {taskmixin.py:205} WARNING - Dependency <Task(_PythonDecoratedOperator): log_sql_query>, print_the_context already registered for DAG: example_python_operator
[2022-10-25T14:27:28.005+0000] {logging_mixin.py:120} INFO - [2022-10-25T14:27:28.005+0000] {taskmixin.py:205} WARNING - Dependency <Task(_PythonDecoratedOperator): print_the_context>, log_sql_query already registered for DAG: example_python_operator
[2022-10-25T14:27:28.020+0000] {logging_mixin.py:120} INFO - [2022-10-25T14:27:28.020+0000] {taskmixin.py:205} WARNING - Dependency <Task(_PythonDecoratedOperator): log_sql_query>, print_the_context already registered for DAG: example_python_operator
[2022-10-25T14:27:28.100+0000] {processor.py:766} INFO - DAG(s) dict_keys(['example_python_operator']) retrieved from /home/airflow/.local/lib/python3.7/site-packages/airflow/example_dags/example_python_operator.py
[2022-10-25T14:27:28.320+0000] {logging_mixin.py:120} INFO - [2022-10-25T14:27:28.319+0000] {dag.py:2585} INFO - Sync 1 DAGs
[2022-10-25T14:27:28.391+0000] {logging_mixin.py:120} INFO - [2022-10-25T14:27:28.391+0000] {dag.py:3340} INFO - Setting next_dagrun for example_python_operator to None, run_after=None
[2022-10-25T14:27:28.427+0000] {processor.py:176} INFO - Processing /home/airflow/.local/lib/python3.7/site-packages/airflow/example_dags/example_python_operator.py took 0.562 seconds
[2022-10-25T14:28:00.977+0000] {processor.py:154} INFO - Started process (PID=402) to work on /home/airflow/.local/lib/python3.7/site-packages/airflow/example_dags/example_python_operator.py
[2022-10-25T14:28:00.988+0000] {processor.py:756} INFO - Processing file /home/airflow/.local/lib/python3.7/site-packages/airflow/example_dags/example_python_operator.py for tasks to queue
[2022-10-25T14:28:01.004+0000] {logging_mixin.py:120} INFO - [2022-10-25T14:28:01.003+0000] {dagbag.py:537} INFO - Filling up the DagBag from /home/airflow/.local/lib/python3.7/site-packages/airflow/example_dags/example_python_operator.py
[2022-10-25T14:28:01.125+0000] {logging_mixin.py:120} INFO - [2022-10-25T14:28:01.125+0000] {taskmixin.py:205} WARNING - Dependency <Task(_PythonDecoratedOperator): print_the_context>, log_sql_query already registered for DAG: example_python_operator
[2022-10-25T14:28:01.134+0000] {logging_mixin.py:120} INFO - [2022-10-25T14:28:01.129+0000] {taskmixin.py:205} WARNING - Dependency <Task(_PythonDecoratedOperator): log_sql_query>, print_the_context already registered for DAG: example_python_operator
[2022-10-25T14:28:01.138+0000] {logging_mixin.py:120} INFO - [2022-10-25T14:28:01.137+0000] {taskmixin.py:205} WARNING - Dependency <Task(_PythonDecoratedOperator): print_the_context>, log_sql_query already registered for DAG: example_python_operator
[2022-10-25T14:28:01.141+0000] {logging_mixin.py:120} INFO - [2022-10-25T14:28:01.141+0000] {taskmixin.py:205} WARNING - Dependency <Task(_PythonDecoratedOperator): log_sql_query>, print_the_context already registered for DAG: example_python_operator
[2022-10-25T14:28:01.148+0000] {logging_mixin.py:120} INFO - [2022-10-25T14:28:01.147+0000] {taskmixin.py:205} WARNING - Dependency <Task(_PythonDecoratedOperator): print_the_context>, log_sql_query already registered for DAG: example_python_operator
[2022-10-25T14:28:01.150+0000] {logging_mixin.py:120} INFO - [2022-10-25T14:28:01.150+0000] {taskmixin.py:205} WARNING - Dependency <Task(_PythonDecoratedOperator): log_sql_query>, print_the_context already registered for DAG: example_python_operator
[2022-10-25T14:28:01.160+0000] {logging_mixin.py:120} INFO - [2022-10-25T14:28:01.160+0000] {taskmixin.py:205} WARNING - Dependency <Task(_PythonDecoratedOperator): print_the_context>, log_sql_query already registered for DAG: example_python_operator
[2022-10-25T14:28:01.161+0000] {logging_mixin.py:120} INFO - [2022-10-25T14:28:01.161+0000] {taskmixin.py:205} WARNING - Dependency <Task(_PythonDecoratedOperator): log_sql_query>, print_the_context already registered for DAG: example_python_operator
[2022-10-25T14:28:01.206+0000] {processor.py:766} INFO - DAG(s) dict_keys(['example_python_operator']) retrieved from /home/airflow/.local/lib/python3.7/site-packages/airflow/example_dags/example_python_operator.py
[2022-10-25T14:28:01.287+0000] {logging_mixin.py:120} INFO - [2022-10-25T14:28:01.286+0000] {dag.py:2585} INFO - Sync 1 DAGs
[2022-10-25T14:28:01.391+0000] {logging_mixin.py:120} INFO - [2022-10-25T14:28:01.391+0000] {dag.py:3340} INFO - Setting next_dagrun for example_python_operator to None, run_after=None
[2022-10-25T14:28:01.427+0000] {processor.py:176} INFO - Processing /home/airflow/.local/lib/python3.7/site-packages/airflow/example_dags/example_python_operator.py took 0.461 seconds
[2022-10-25T14:28:32.460+0000] {processor.py:154} INFO - Started process (PID=612) to work on /home/airflow/.local/lib/python3.7/site-packages/airflow/example_dags/example_python_operator.py
[2022-10-25T14:28:32.466+0000] {processor.py:756} INFO - Processing file /home/airflow/.local/lib/python3.7/site-packages/airflow/example_dags/example_python_operator.py for tasks to queue
[2022-10-25T14:28:32.472+0000] {logging_mixin.py:120} INFO - [2022-10-25T14:28:32.471+0000] {dagbag.py:537} INFO - Filling up the DagBag from /home/airflow/.local/lib/python3.7/site-packages/airflow/example_dags/example_python_operator.py
[2022-10-25T14:28:32.509+0000] {logging_mixin.py:120} INFO - [2022-10-25T14:28:32.509+0000] {taskmixin.py:205} WARNING - Dependency <Task(_PythonDecoratedOperator): print_the_context>, log_sql_query already registered for DAG: example_python_operator
[2022-10-25T14:28:32.511+0000] {logging_mixin.py:120} INFO - [2022-10-25T14:28:32.511+0000] {taskmixin.py:205} WARNING - Dependency <Task(_PythonDecoratedOperator): log_sql_query>, print_the_context already registered for DAG: example_python_operator
[2022-10-25T14:28:32.513+0000] {logging_mixin.py:120} INFO - [2022-10-25T14:28:32.512+0000] {taskmixin.py:205} WARNING - Dependency <Task(_PythonDecoratedOperator): print_the_context>, log_sql_query already registered for DAG: example_python_operator
[2022-10-25T14:28:32.514+0000] {logging_mixin.py:120} INFO - [2022-10-25T14:28:32.514+0000] {taskmixin.py:205} WARNING - Dependency <Task(_PythonDecoratedOperator): log_sql_query>, print_the_context already registered for DAG: example_python_operator
[2022-10-25T14:28:32.517+0000] {logging_mixin.py:120} INFO - [2022-10-25T14:28:32.517+0000] {taskmixin.py:205} WARNING - Dependency <Task(_PythonDecoratedOperator): print_the_context>, log_sql_query already registered for DAG: example_python_operator
[2022-10-25T14:28:32.519+0000] {logging_mixin.py:120} INFO - [2022-10-25T14:28:32.519+0000] {taskmixin.py:205} WARNING - Dependency <Task(_PythonDecoratedOperator): log_sql_query>, print_the_context already registered for DAG: example_python_operator
[2022-10-25T14:28:32.522+0000] {logging_mixin.py:120} INFO - [2022-10-25T14:28:32.521+0000] {taskmixin.py:205} WARNING - Dependency <Task(_PythonDecoratedOperator): print_the_context>, log_sql_query already registered for DAG: example_python_operator
[2022-10-25T14:28:32.523+0000] {logging_mixin.py:120} INFO - [2022-10-25T14:28:32.523+0000] {taskmixin.py:205} WARNING - Dependency <Task(_PythonDecoratedOperator): log_sql_query>, print_the_context already registered for DAG: example_python_operator
[2022-10-25T14:28:32.534+0000] {processor.py:766} INFO - DAG(s) dict_keys(['example_python_operator']) retrieved from /home/airflow/.local/lib/python3.7/site-packages/airflow/example_dags/example_python_operator.py
[2022-10-25T14:28:32.671+0000] {logging_mixin.py:120} INFO - [2022-10-25T14:28:32.671+0000] {dag.py:2585} INFO - Sync 1 DAGs
[2022-10-25T14:28:32.712+0000] {logging_mixin.py:120} INFO - [2022-10-25T14:28:32.712+0000] {dag.py:3340} INFO - Setting next_dagrun for example_python_operator to None, run_after=None
[2022-10-25T14:28:32.746+0000] {processor.py:176} INFO - Processing /home/airflow/.local/lib/python3.7/site-packages/airflow/example_dags/example_python_operator.py took 0.295 seconds
[2022-10-25T14:29:02.925+0000] {processor.py:154} INFO - Started process (PID=820) to work on /home/airflow/.local/lib/python3.7/site-packages/airflow/example_dags/example_python_operator.py
[2022-10-25T14:29:02.941+0000] {processor.py:756} INFO - Processing file /home/airflow/.local/lib/python3.7/site-packages/airflow/example_dags/example_python_operator.py for tasks to queue
[2022-10-25T14:29:02.943+0000] {logging_mixin.py:120} INFO - [2022-10-25T14:29:02.943+0000] {dagbag.py:537} INFO - Filling up the DagBag from /home/airflow/.local/lib/python3.7/site-packages/airflow/example_dags/example_python_operator.py
[2022-10-25T14:29:02.977+0000] {logging_mixin.py:120} INFO - [2022-10-25T14:29:02.977+0000] {taskmixin.py:205} WARNING - Dependency <Task(_PythonDecoratedOperator): print_the_context>, log_sql_query already registered for DAG: example_python_operator
[2022-10-25T14:29:02.980+0000] {logging_mixin.py:120} INFO - [2022-10-25T14:29:02.980+0000] {taskmixin.py:205} WARNING - Dependency <Task(_PythonDecoratedOperator): log_sql_query>, print_the_context already registered for DAG: example_python_operator
[2022-10-25T14:29:02.983+0000] {logging_mixin.py:120} INFO - [2022-10-25T14:29:02.983+0000] {taskmixin.py:205} WARNING - Dependency <Task(_PythonDecoratedOperator): print_the_context>, log_sql_query already registered for DAG: example_python_operator
[2022-10-25T14:29:02.986+0000] {logging_mixin.py:120} INFO - [2022-10-25T14:29:02.986+0000] {taskmixin.py:205} WARNING - Dependency <Task(_PythonDecoratedOperator): log_sql_query>, print_the_context already registered for DAG: example_python_operator
[2022-10-25T14:29:02.989+0000] {logging_mixin.py:120} INFO - [2022-10-25T14:29:02.989+0000] {taskmixin.py:205} WARNING - Dependency <Task(_PythonDecoratedOperator): print_the_context>, log_sql_query already registered for DAG: example_python_operator
[2022-10-25T14:29:02.991+0000] {logging_mixin.py:120} INFO - [2022-10-25T14:29:02.991+0000] {taskmixin.py:205} WARNING - Dependency <Task(_PythonDecoratedOperator): log_sql_query>, print_the_context already registered for DAG: example_python_operator
[2022-10-25T14:29:02.996+0000] {logging_mixin.py:120} INFO - [2022-10-25T14:29:02.996+0000] {taskmixin.py:205} WARNING - Dependency <Task(_PythonDecoratedOperator): print_the_context>, log_sql_query already registered for DAG: example_python_operator
[2022-10-25T14:29:03.002+0000] {logging_mixin.py:120} INFO - [2022-10-25T14:29:03.001+0000] {taskmixin.py:205} WARNING - Dependency <Task(_PythonDecoratedOperator): log_sql_query>, print_the_context already registered for DAG: example_python_operator
[2022-10-25T14:29:03.020+0000] {processor.py:766} INFO - DAG(s) dict_keys(['example_python_operator']) retrieved from /home/airflow/.local/lib/python3.7/site-packages/airflow/example_dags/example_python_operator.py
[2022-10-25T14:29:03.213+0000] {logging_mixin.py:120} INFO - [2022-10-25T14:29:03.212+0000] {dag.py:2585} INFO - Sync 1 DAGs
[2022-10-25T14:29:03.235+0000] {logging_mixin.py:120} INFO - [2022-10-25T14:29:03.235+0000] {dag.py:3340} INFO - Setting next_dagrun for example_python_operator to None, run_after=None
[2022-10-25T14:29:03.253+0000] {processor.py:176} INFO - Processing /home/airflow/.local/lib/python3.7/site-packages/airflow/example_dags/example_python_operator.py took 0.330 seconds
[2022-10-25T14:29:33.550+0000] {processor.py:154} INFO - Started process (PID=1023) to work on /home/airflow/.local/lib/python3.7/site-packages/airflow/example_dags/example_python_operator.py
[2022-10-25T14:29:33.552+0000] {processor.py:756} INFO - Processing file /home/airflow/.local/lib/python3.7/site-packages/airflow/example_dags/example_python_operator.py for tasks to queue
[2022-10-25T14:29:33.555+0000] {logging_mixin.py:120} INFO - [2022-10-25T14:29:33.555+0000] {dagbag.py:537} INFO - Filling up the DagBag from /home/airflow/.local/lib/python3.7/site-packages/airflow/example_dags/example_python_operator.py
[2022-10-25T14:29:33.575+0000] {logging_mixin.py:120} INFO - [2022-10-25T14:29:33.575+0000] {taskmixin.py:205} WARNING - Dependency <Task(_PythonDecoratedOperator): print_the_context>, log_sql_query already registered for DAG: example_python_operator
[2022-10-25T14:29:33.577+0000] {logging_mixin.py:120} INFO - [2022-10-25T14:29:33.577+0000] {taskmixin.py:205} WARNING - Dependency <Task(_PythonDecoratedOperator): log_sql_query>, print_the_context already registered for DAG: example_python_operator
[2022-10-25T14:29:33.581+0000] {logging_mixin.py:120} INFO - [2022-10-25T14:29:33.581+0000] {taskmixin.py:205} WARNING - Dependency <Task(_PythonDecoratedOperator): print_the_context>, log_sql_query already registered for DAG: example_python_operator
[2022-10-25T14:29:33.583+0000] {logging_mixin.py:120} INFO - [2022-10-25T14:29:33.582+0000] {taskmixin.py:205} WARNING - Dependency <Task(_PythonDecoratedOperator): log_sql_query>, print_the_context already registered for DAG: example_python_operator
[2022-10-25T14:29:33.585+0000] {logging_mixin.py:120} INFO - [2022-10-25T14:29:33.585+0000] {taskmixin.py:205} WARNING - Dependency <Task(_PythonDecoratedOperator): print_the_context>, log_sql_query already registered for DAG: example_python_operator
[2022-10-25T14:29:33.588+0000] {logging_mixin.py:120} INFO - [2022-10-25T14:29:33.587+0000] {taskmixin.py:205} WARNING - Dependency <Task(_PythonDecoratedOperator): log_sql_query>, print_the_context already registered for DAG: example_python_operator
[2022-10-25T14:29:33.591+0000] {logging_mixin.py:120} INFO - [2022-10-25T14:29:33.591+0000] {taskmixin.py:205} WARNING - Dependency <Task(_PythonDecoratedOperator): print_the_context>, log_sql_query already registered for DAG: example_python_operator
[2022-10-25T14:29:33.628+0000] {logging_mixin.py:120} INFO - [2022-10-25T14:29:33.628+0000] {taskmixin.py:205} WARNING - Dependency <Task(_PythonDecoratedOperator): log_sql_query>, print_the_context already registered for DAG: example_python_operator
[2022-10-25T14:29:33.667+0000] {processor.py:766} INFO - DAG(s) dict_keys(['example_python_operator']) retrieved from /home/airflow/.local/lib/python3.7/site-packages/airflow/example_dags/example_python_operator.py
[2022-10-25T14:29:35.527+0000] {logging_mixin.py:120} INFO - [2022-10-25T14:29:35.526+0000] {dag.py:2585} INFO - Sync 1 DAGs
