[2022-10-25T14:27:27.286+0000] {processor.py:154} INFO - Started process (PID=191) to work on /home/airflow/.local/lib/python3.7/site-packages/airflow/example_dags/example_latest_only_with_trigger.py
[2022-10-25T14:27:27.289+0000] {processor.py:756} INFO - Processing file /home/airflow/.local/lib/python3.7/site-packages/airflow/example_dags/example_latest_only_with_trigger.py for tasks to queue
[2022-10-25T14:27:27.292+0000] {logging_mixin.py:120} INFO - [2022-10-25T14:27:27.292+0000] {dagbag.py:537} INFO - Filling up the DagBag from /home/airflow/.local/lib/python3.7/site-packages/airflow/example_dags/example_latest_only_with_trigger.py
[2022-10-25T14:27:27.337+0000] {processor.py:766} INFO - DAG(s) dict_keys(['latest_only_with_trigger']) retrieved from /home/airflow/.local/lib/python3.7/site-packages/airflow/example_dags/example_latest_only_with_trigger.py
[2022-10-25T14:27:27.412+0000] {logging_mixin.py:120} INFO - [2022-10-25T14:27:27.412+0000] {dag.py:2585} INFO - Sync 1 DAGs
[2022-10-25T14:27:27.492+0000] {logging_mixin.py:120} INFO - [2022-10-25T14:27:27.492+0000] {dag.py:3340} INFO - Setting next_dagrun for latest_only_with_trigger to 2022-10-25T10:27:27.489730+00:00, run_after=2022-10-25T14:27:27.489730+00:00
[2022-10-25T14:27:27.591+0000] {processor.py:176} INFO - Processing /home/airflow/.local/lib/python3.7/site-packages/airflow/example_dags/example_latest_only_with_trigger.py took 0.309 seconds
[2022-10-25T14:28:00.072+0000] {processor.py:154} INFO - Started process (PID=388) to work on /home/airflow/.local/lib/python3.7/site-packages/airflow/example_dags/example_latest_only_with_trigger.py
[2022-10-25T14:28:00.078+0000] {processor.py:756} INFO - Processing file /home/airflow/.local/lib/python3.7/site-packages/airflow/example_dags/example_latest_only_with_trigger.py for tasks to queue
[2022-10-25T14:28:00.082+0000] {logging_mixin.py:120} INFO - [2022-10-25T14:28:00.081+0000] {dagbag.py:537} INFO - Filling up the DagBag from /home/airflow/.local/lib/python3.7/site-packages/airflow/example_dags/example_latest_only_with_trigger.py
[2022-10-25T14:28:00.199+0000] {processor.py:766} INFO - DAG(s) dict_keys(['latest_only_with_trigger']) retrieved from /home/airflow/.local/lib/python3.7/site-packages/airflow/example_dags/example_latest_only_with_trigger.py
[2022-10-25T14:28:00.370+0000] {logging_mixin.py:120} INFO - [2022-10-25T14:28:00.370+0000] {dag.py:2585} INFO - Sync 1 DAGs
[2022-10-25T14:28:00.425+0000] {logging_mixin.py:120} INFO - [2022-10-25T14:28:00.425+0000] {dag.py:3340} INFO - Setting next_dagrun for latest_only_with_trigger to 2022-10-25T10:28:00.424443+00:00, run_after=2022-10-25T14:28:00.424443+00:00
[2022-10-25T14:28:00.476+0000] {processor.py:176} INFO - Processing /home/airflow/.local/lib/python3.7/site-packages/airflow/example_dags/example_latest_only_with_trigger.py took 0.424 seconds
[2022-10-25T14:28:30.812+0000] {processor.py:154} INFO - Started process (PID=597) to work on /home/airflow/.local/lib/python3.7/site-packages/airflow/example_dags/example_latest_only_with_trigger.py
[2022-10-25T14:28:30.821+0000] {processor.py:756} INFO - Processing file /home/airflow/.local/lib/python3.7/site-packages/airflow/example_dags/example_latest_only_with_trigger.py for tasks to queue
[2022-10-25T14:28:30.822+0000] {logging_mixin.py:120} INFO - [2022-10-25T14:28:30.822+0000] {dagbag.py:537} INFO - Filling up the DagBag from /home/airflow/.local/lib/python3.7/site-packages/airflow/example_dags/example_latest_only_with_trigger.py
[2022-10-25T14:28:30.855+0000] {processor.py:766} INFO - DAG(s) dict_keys(['latest_only_with_trigger']) retrieved from /home/airflow/.local/lib/python3.7/site-packages/airflow/example_dags/example_latest_only_with_trigger.py
[2022-10-25T14:28:30.926+0000] {logging_mixin.py:120} INFO - [2022-10-25T14:28:30.926+0000] {dag.py:2585} INFO - Sync 1 DAGs
[2022-10-25T14:28:30.961+0000] {logging_mixin.py:120} INFO - [2022-10-25T14:28:30.961+0000] {dag.py:3340} INFO - Setting next_dagrun for latest_only_with_trigger to 2022-10-25T10:28:30.960711+00:00, run_after=2022-10-25T14:28:30.960711+00:00
[2022-10-25T14:28:30.989+0000] {processor.py:176} INFO - Processing /home/airflow/.local/lib/python3.7/site-packages/airflow/example_dags/example_latest_only_with_trigger.py took 0.236 seconds
[2022-10-25T14:29:01.474+0000] {processor.py:154} INFO - Started process (PID=794) to work on /home/airflow/.local/lib/python3.7/site-packages/airflow/example_dags/example_latest_only_with_trigger.py
[2022-10-25T14:29:01.478+0000] {processor.py:756} INFO - Processing file /home/airflow/.local/lib/python3.7/site-packages/airflow/example_dags/example_latest_only_with_trigger.py for tasks to queue
[2022-10-25T14:29:01.483+0000] {logging_mixin.py:120} INFO - [2022-10-25T14:29:01.482+0000] {dagbag.py:537} INFO - Filling up the DagBag from /home/airflow/.local/lib/python3.7/site-packages/airflow/example_dags/example_latest_only_with_trigger.py
[2022-10-25T14:29:01.526+0000] {processor.py:766} INFO - DAG(s) dict_keys(['latest_only_with_trigger']) retrieved from /home/airflow/.local/lib/python3.7/site-packages/airflow/example_dags/example_latest_only_with_trigger.py
[2022-10-25T14:29:01.612+0000] {logging_mixin.py:120} INFO - [2022-10-25T14:29:01.612+0000] {dag.py:2585} INFO - Sync 1 DAGs
[2022-10-25T14:29:01.657+0000] {logging_mixin.py:120} INFO - [2022-10-25T14:29:01.657+0000] {dag.py:3340} INFO - Setting next_dagrun for latest_only_with_trigger to 2022-10-25T10:29:01.656843+00:00, run_after=2022-10-25T14:29:01.656843+00:00
[2022-10-25T14:29:01.681+0000] {processor.py:176} INFO - Processing /home/airflow/.local/lib/python3.7/site-packages/airflow/example_dags/example_latest_only_with_trigger.py took 0.213 seconds
[2022-10-25T14:29:31.870+0000] {processor.py:154} INFO - Started process (PID=999) to work on /home/airflow/.local/lib/python3.7/site-packages/airflow/example_dags/example_latest_only_with_trigger.py
[2022-10-25T14:29:31.874+0000] {processor.py:756} INFO - Processing file /home/airflow/.local/lib/python3.7/site-packages/airflow/example_dags/example_latest_only_with_trigger.py for tasks to queue
[2022-10-25T14:29:31.875+0000] {logging_mixin.py:120} INFO - [2022-10-25T14:29:31.875+0000] {dagbag.py:537} INFO - Filling up the DagBag from /home/airflow/.local/lib/python3.7/site-packages/airflow/example_dags/example_latest_only_with_trigger.py
[2022-10-25T14:29:31.890+0000] {processor.py:766} INFO - DAG(s) dict_keys(['latest_only_with_trigger']) retrieved from /home/airflow/.local/lib/python3.7/site-packages/airflow/example_dags/example_latest_only_with_trigger.py
[2022-10-25T14:29:31.930+0000] {logging_mixin.py:120} INFO - [2022-10-25T14:29:31.930+0000] {dag.py:2585} INFO - Sync 1 DAGs
[2022-10-25T14:29:31.951+0000] {logging_mixin.py:120} INFO - [2022-10-25T14:29:31.951+0000] {dag.py:3340} INFO - Setting next_dagrun for latest_only_with_trigger to 2022-10-25T10:29:31.951203+00:00, run_after=2022-10-25T14:29:31.951203+00:00
[2022-10-25T14:29:31.968+0000] {processor.py:176} INFO - Processing /home/airflow/.local/lib/python3.7/site-packages/airflow/example_dags/example_latest_only_with_trigger.py took 0.103 seconds
