[2022-10-25T14:27:26.894+0000] {processor.py:154} INFO - Started process (PID=186) to work on /home/airflow/.local/lib/python3.7/site-packages/airflow/example_dags/example_xcomargs.py
[2022-10-25T14:27:26.896+0000] {processor.py:756} INFO - Processing file /home/airflow/.local/lib/python3.7/site-packages/airflow/example_dags/example_xcomargs.py for tasks to queue
[2022-10-25T14:27:26.905+0000] {logging_mixin.py:120} INFO - [2022-10-25T14:27:26.905+0000] {dagbag.py:537} INFO - Filling up the DagBag from /home/airflow/.local/lib/python3.7/site-packages/airflow/example_dags/example_xcomargs.py
[2022-10-25T14:27:26.991+0000] {processor.py:766} INFO - DAG(s) dict_keys(['example_xcom_args_with_operators', 'example_xcom_args']) retrieved from /home/airflow/.local/lib/python3.7/site-packages/airflow/example_dags/example_xcomargs.py
[2022-10-25T14:27:27.074+0000] {logging_mixin.py:120} INFO - [2022-10-25T14:27:27.074+0000] {dag.py:2585} INFO - Sync 2 DAGs
[2022-10-25T14:27:27.109+0000] {logging_mixin.py:120} INFO - [2022-10-25T14:27:27.109+0000] {dag.py:3340} INFO - Setting next_dagrun for example_xcom_args to None, run_after=None
[2022-10-25T14:27:27.119+0000] {logging_mixin.py:120} INFO - [2022-10-25T14:27:27.119+0000] {dag.py:3340} INFO - Setting next_dagrun for example_xcom_args_with_operators to None, run_after=None
[2022-10-25T14:27:27.149+0000] {processor.py:176} INFO - Processing /home/airflow/.local/lib/python3.7/site-packages/airflow/example_dags/example_xcomargs.py took 0.258 seconds
[2022-10-25T14:27:57.926+0000] {processor.py:154} INFO - Started process (PID=380) to work on /home/airflow/.local/lib/python3.7/site-packages/airflow/example_dags/example_xcomargs.py
[2022-10-25T14:27:57.941+0000] {processor.py:756} INFO - Processing file /home/airflow/.local/lib/python3.7/site-packages/airflow/example_dags/example_xcomargs.py for tasks to queue
[2022-10-25T14:27:57.949+0000] {logging_mixin.py:120} INFO - [2022-10-25T14:27:57.949+0000] {dagbag.py:537} INFO - Filling up the DagBag from /home/airflow/.local/lib/python3.7/site-packages/airflow/example_dags/example_xcomargs.py
[2022-10-25T14:27:58.261+0000] {processor.py:766} INFO - DAG(s) dict_keys(['example_xcom_args', 'example_xcom_args_with_operators']) retrieved from /home/airflow/.local/lib/python3.7/site-packages/airflow/example_dags/example_xcomargs.py
[2022-10-25T14:27:59.499+0000] {logging_mixin.py:120} INFO - [2022-10-25T14:27:59.499+0000] {dag.py:2585} INFO - Sync 2 DAGs
[2022-10-25T14:27:59.783+0000] {logging_mixin.py:120} INFO - [2022-10-25T14:27:59.782+0000] {dag.py:3340} INFO - Setting next_dagrun for example_xcom_args to None, run_after=None
[2022-10-25T14:27:59.793+0000] {logging_mixin.py:120} INFO - [2022-10-25T14:27:59.793+0000] {dag.py:3340} INFO - Setting next_dagrun for example_xcom_args_with_operators to None, run_after=None
[2022-10-25T14:27:59.966+0000] {processor.py:176} INFO - Processing /home/airflow/.local/lib/python3.7/site-packages/airflow/example_dags/example_xcomargs.py took 2.073 seconds
[2022-10-25T14:28:30.191+0000] {processor.py:154} INFO - Started process (PID=592) to work on /home/airflow/.local/lib/python3.7/site-packages/airflow/example_dags/example_xcomargs.py
[2022-10-25T14:28:30.193+0000] {processor.py:756} INFO - Processing file /home/airflow/.local/lib/python3.7/site-packages/airflow/example_dags/example_xcomargs.py for tasks to queue
[2022-10-25T14:28:30.194+0000] {logging_mixin.py:120} INFO - [2022-10-25T14:28:30.194+0000] {dagbag.py:537} INFO - Filling up the DagBag from /home/airflow/.local/lib/python3.7/site-packages/airflow/example_dags/example_xcomargs.py
[2022-10-25T14:28:30.219+0000] {processor.py:766} INFO - DAG(s) dict_keys(['example_xcom_args_with_operators', 'example_xcom_args']) retrieved from /home/airflow/.local/lib/python3.7/site-packages/airflow/example_dags/example_xcomargs.py
[2022-10-25T14:28:30.260+0000] {logging_mixin.py:120} INFO - [2022-10-25T14:28:30.260+0000] {dag.py:2585} INFO - Sync 2 DAGs
[2022-10-25T14:28:30.303+0000] {logging_mixin.py:120} INFO - [2022-10-25T14:28:30.303+0000] {dag.py:3340} INFO - Setting next_dagrun for example_xcom_args to None, run_after=None
[2022-10-25T14:28:30.370+0000] {logging_mixin.py:120} INFO - [2022-10-25T14:28:30.370+0000] {dag.py:3340} INFO - Setting next_dagrun for example_xcom_args_with_operators to None, run_after=None
[2022-10-25T14:28:30.487+0000] {processor.py:176} INFO - Processing /home/airflow/.local/lib/python3.7/site-packages/airflow/example_dags/example_xcomargs.py took 0.299 seconds
[2022-10-25T14:29:01.456+0000] {processor.py:154} INFO - Started process (PID=791) to work on /home/airflow/.local/lib/python3.7/site-packages/airflow/example_dags/example_xcomargs.py
[2022-10-25T14:29:01.466+0000] {processor.py:756} INFO - Processing file /home/airflow/.local/lib/python3.7/site-packages/airflow/example_dags/example_xcomargs.py for tasks to queue
[2022-10-25T14:29:01.469+0000] {logging_mixin.py:120} INFO - [2022-10-25T14:29:01.469+0000] {dagbag.py:537} INFO - Filling up the DagBag from /home/airflow/.local/lib/python3.7/site-packages/airflow/example_dags/example_xcomargs.py
[2022-10-25T14:29:01.521+0000] {processor.py:766} INFO - DAG(s) dict_keys(['example_xcom_args', 'example_xcom_args_with_operators']) retrieved from /home/airflow/.local/lib/python3.7/site-packages/airflow/example_dags/example_xcomargs.py
[2022-10-25T14:29:01.618+0000] {logging_mixin.py:120} INFO - [2022-10-25T14:29:01.617+0000] {dag.py:2585} INFO - Sync 2 DAGs
[2022-10-25T14:29:01.660+0000] {logging_mixin.py:120} INFO - [2022-10-25T14:29:01.660+0000] {dag.py:3340} INFO - Setting next_dagrun for example_xcom_args to None, run_after=None
[2022-10-25T14:29:01.664+0000] {logging_mixin.py:120} INFO - [2022-10-25T14:29:01.664+0000] {dag.py:3340} INFO - Setting next_dagrun for example_xcom_args_with_operators to None, run_after=None
[2022-10-25T14:29:01.690+0000] {processor.py:176} INFO - Processing /home/airflow/.local/lib/python3.7/site-packages/airflow/example_dags/example_xcomargs.py took 0.248 seconds
[2022-10-25T14:29:31.881+0000] {processor.py:154} INFO - Started process (PID=998) to work on /home/airflow/.local/lib/python3.7/site-packages/airflow/example_dags/example_xcomargs.py
[2022-10-25T14:29:31.883+0000] {processor.py:756} INFO - Processing file /home/airflow/.local/lib/python3.7/site-packages/airflow/example_dags/example_xcomargs.py for tasks to queue
[2022-10-25T14:29:31.886+0000] {logging_mixin.py:120} INFO - [2022-10-25T14:29:31.885+0000] {dagbag.py:537} INFO - Filling up the DagBag from /home/airflow/.local/lib/python3.7/site-packages/airflow/example_dags/example_xcomargs.py
[2022-10-25T14:29:31.908+0000] {processor.py:766} INFO - DAG(s) dict_keys(['example_xcom_args', 'example_xcom_args_with_operators']) retrieved from /home/airflow/.local/lib/python3.7/site-packages/airflow/example_dags/example_xcomargs.py
[2022-10-25T14:29:31.947+0000] {logging_mixin.py:120} INFO - [2022-10-25T14:29:31.947+0000] {dag.py:2585} INFO - Sync 2 DAGs
[2022-10-25T14:29:31.966+0000] {logging_mixin.py:120} INFO - [2022-10-25T14:29:31.966+0000] {dag.py:3340} INFO - Setting next_dagrun for example_xcom_args to None, run_after=None
[2022-10-25T14:29:31.970+0000] {logging_mixin.py:120} INFO - [2022-10-25T14:29:31.970+0000] {dag.py:3340} INFO - Setting next_dagrun for example_xcom_args_with_operators to None, run_after=None
[2022-10-25T14:29:31.984+0000] {processor.py:176} INFO - Processing /home/airflow/.local/lib/python3.7/site-packages/airflow/example_dags/example_xcomargs.py took 0.106 seconds
