[2022-10-25T14:27:38.987+0000] {processor.py:154} INFO - Started process (PID=273) to work on /home/airflow/.local/lib/python3.7/site-packages/airflow/example_dags/example_nested_branch_dag.py
[2022-10-25T14:27:38.994+0000] {processor.py:756} INFO - Processing file /home/airflow/.local/lib/python3.7/site-packages/airflow/example_dags/example_nested_branch_dag.py for tasks to queue
[2022-10-25T14:27:39.002+0000] {logging_mixin.py:120} INFO - [2022-10-25T14:27:39.002+0000] {dagbag.py:537} INFO - Filling up the DagBag from /home/airflow/.local/lib/python3.7/site-packages/airflow/example_dags/example_nested_branch_dag.py
[2022-10-25T14:27:40.519+0000] {processor.py:766} INFO - DAG(s) dict_keys(['example_nested_branch_dag']) retrieved from /home/airflow/.local/lib/python3.7/site-packages/airflow/example_dags/example_nested_branch_dag.py
[2022-10-25T14:27:44.568+0000] {logging_mixin.py:120} INFO - [2022-10-25T14:27:44.567+0000] {dag.py:2585} INFO - Sync 1 DAGs
[2022-10-25T14:27:44.766+0000] {logging_mixin.py:120} INFO - [2022-10-25T14:27:44.765+0000] {dag.py:3340} INFO - Setting next_dagrun for example_nested_branch_dag to 2022-10-24T00:00:00+00:00, run_after=2022-10-25T00:00:00+00:00
[2022-10-25T14:27:44.874+0000] {processor.py:176} INFO - Processing /home/airflow/.local/lib/python3.7/site-packages/airflow/example_dags/example_nested_branch_dag.py took 5.890 seconds
[2022-10-25T14:28:15.385+0000] {processor.py:154} INFO - Started process (PID=473) to work on /home/airflow/.local/lib/python3.7/site-packages/airflow/example_dags/example_nested_branch_dag.py
[2022-10-25T14:28:15.390+0000] {processor.py:756} INFO - Processing file /home/airflow/.local/lib/python3.7/site-packages/airflow/example_dags/example_nested_branch_dag.py for tasks to queue
[2022-10-25T14:28:15.400+0000] {logging_mixin.py:120} INFO - [2022-10-25T14:28:15.399+0000] {dagbag.py:537} INFO - Filling up the DagBag from /home/airflow/.local/lib/python3.7/site-packages/airflow/example_dags/example_nested_branch_dag.py
[2022-10-25T14:28:15.433+0000] {processor.py:766} INFO - DAG(s) dict_keys(['example_nested_branch_dag']) retrieved from /home/airflow/.local/lib/python3.7/site-packages/airflow/example_dags/example_nested_branch_dag.py
[2022-10-25T14:28:15.490+0000] {logging_mixin.py:120} INFO - [2022-10-25T14:28:15.490+0000] {dag.py:2585} INFO - Sync 1 DAGs
[2022-10-25T14:28:15.587+0000] {logging_mixin.py:120} INFO - [2022-10-25T14:28:15.587+0000] {dag.py:3340} INFO - Setting next_dagrun for example_nested_branch_dag to 2022-10-24T00:00:00+00:00, run_after=2022-10-25T00:00:00+00:00
[2022-10-25T14:28:15.604+0000] {processor.py:176} INFO - Processing /home/airflow/.local/lib/python3.7/site-packages/airflow/example_dags/example_nested_branch_dag.py took 0.225 seconds
[2022-10-25T14:28:45.695+0000] {processor.py:154} INFO - Started process (PID=682) to work on /home/airflow/.local/lib/python3.7/site-packages/airflow/example_dags/example_nested_branch_dag.py
[2022-10-25T14:28:45.701+0000] {processor.py:756} INFO - Processing file /home/airflow/.local/lib/python3.7/site-packages/airflow/example_dags/example_nested_branch_dag.py for tasks to queue
[2022-10-25T14:28:45.703+0000] {logging_mixin.py:120} INFO - [2022-10-25T14:28:45.703+0000] {dagbag.py:537} INFO - Filling up the DagBag from /home/airflow/.local/lib/python3.7/site-packages/airflow/example_dags/example_nested_branch_dag.py
[2022-10-25T14:28:45.729+0000] {processor.py:766} INFO - DAG(s) dict_keys(['example_nested_branch_dag']) retrieved from /home/airflow/.local/lib/python3.7/site-packages/airflow/example_dags/example_nested_branch_dag.py
[2022-10-25T14:28:45.810+0000] {logging_mixin.py:120} INFO - [2022-10-25T14:28:45.810+0000] {dag.py:2585} INFO - Sync 1 DAGs
[2022-10-25T14:28:45.906+0000] {logging_mixin.py:120} INFO - [2022-10-25T14:28:45.905+0000] {dag.py:3340} INFO - Setting next_dagrun for example_nested_branch_dag to 2022-10-24T00:00:00+00:00, run_after=2022-10-25T00:00:00+00:00
[2022-10-25T14:28:46.104+0000] {processor.py:176} INFO - Processing /home/airflow/.local/lib/python3.7/site-packages/airflow/example_dags/example_nested_branch_dag.py took 0.418 seconds
[2022-10-25T14:29:16.284+0000] {processor.py:154} INFO - Started process (PID=889) to work on /home/airflow/.local/lib/python3.7/site-packages/airflow/example_dags/example_nested_branch_dag.py
[2022-10-25T14:29:16.286+0000] {processor.py:756} INFO - Processing file /home/airflow/.local/lib/python3.7/site-packages/airflow/example_dags/example_nested_branch_dag.py for tasks to queue
[2022-10-25T14:29:16.290+0000] {logging_mixin.py:120} INFO - [2022-10-25T14:29:16.289+0000] {dagbag.py:537} INFO - Filling up the DagBag from /home/airflow/.local/lib/python3.7/site-packages/airflow/example_dags/example_nested_branch_dag.py
[2022-10-25T14:29:16.316+0000] {processor.py:766} INFO - DAG(s) dict_keys(['example_nested_branch_dag']) retrieved from /home/airflow/.local/lib/python3.7/site-packages/airflow/example_dags/example_nested_branch_dag.py
[2022-10-25T14:29:16.371+0000] {logging_mixin.py:120} INFO - [2022-10-25T14:29:16.370+0000] {dag.py:2585} INFO - Sync 1 DAGs
[2022-10-25T14:29:16.399+0000] {logging_mixin.py:120} INFO - [2022-10-25T14:29:16.399+0000] {dag.py:3340} INFO - Setting next_dagrun for example_nested_branch_dag to 2022-10-24T00:00:00+00:00, run_after=2022-10-25T00:00:00+00:00
[2022-10-25T14:29:16.421+0000] {processor.py:176} INFO - Processing /home/airflow/.local/lib/python3.7/site-packages/airflow/example_dags/example_nested_branch_dag.py took 0.141 seconds
