[2022-10-25T14:27:27.779+0000] {processor.py:154} INFO - Started process (PID=200) to work on /home/airflow/.local/lib/python3.7/site-packages/airflow/example_dags/example_trigger_target_dag.py
[2022-10-25T14:27:27.782+0000] {processor.py:756} INFO - Processing file /home/airflow/.local/lib/python3.7/site-packages/airflow/example_dags/example_trigger_target_dag.py for tasks to queue
[2022-10-25T14:27:27.784+0000] {logging_mixin.py:120} INFO - [2022-10-25T14:27:27.784+0000] {dagbag.py:537} INFO - Filling up the DagBag from /home/airflow/.local/lib/python3.7/site-packages/airflow/example_dags/example_trigger_target_dag.py
[2022-10-25T14:27:27.885+0000] {processor.py:766} INFO - DAG(s) dict_keys(['example_trigger_target_dag']) retrieved from /home/airflow/.local/lib/python3.7/site-packages/airflow/example_dags/example_trigger_target_dag.py
[2022-10-25T14:27:27.992+0000] {logging_mixin.py:120} INFO - [2022-10-25T14:27:27.992+0000] {dag.py:2585} INFO - Sync 1 DAGs
[2022-10-25T14:27:28.114+0000] {logging_mixin.py:120} INFO - [2022-10-25T14:27:28.114+0000] {dag.py:3340} INFO - Setting next_dagrun for example_trigger_target_dag to None, run_after=None
[2022-10-25T14:27:28.201+0000] {processor.py:176} INFO - Processing /home/airflow/.local/lib/python3.7/site-packages/airflow/example_dags/example_trigger_target_dag.py took 0.424 seconds
[2022-10-25T14:28:00.634+0000] {processor.py:154} INFO - Started process (PID=397) to work on /home/airflow/.local/lib/python3.7/site-packages/airflow/example_dags/example_trigger_target_dag.py
[2022-10-25T14:28:00.644+0000] {processor.py:756} INFO - Processing file /home/airflow/.local/lib/python3.7/site-packages/airflow/example_dags/example_trigger_target_dag.py for tasks to queue
[2022-10-25T14:28:00.645+0000] {logging_mixin.py:120} INFO - [2022-10-25T14:28:00.645+0000] {dagbag.py:537} INFO - Filling up the DagBag from /home/airflow/.local/lib/python3.7/site-packages/airflow/example_dags/example_trigger_target_dag.py
[2022-10-25T14:28:00.725+0000] {processor.py:766} INFO - DAG(s) dict_keys(['example_trigger_target_dag']) retrieved from /home/airflow/.local/lib/python3.7/site-packages/airflow/example_dags/example_trigger_target_dag.py
[2022-10-25T14:28:00.861+0000] {logging_mixin.py:120} INFO - [2022-10-25T14:28:00.860+0000] {dag.py:2585} INFO - Sync 1 DAGs
[2022-10-25T14:28:00.899+0000] {logging_mixin.py:120} INFO - [2022-10-25T14:28:00.899+0000] {dag.py:3340} INFO - Setting next_dagrun for example_trigger_target_dag to None, run_after=None
[2022-10-25T14:28:00.944+0000] {processor.py:176} INFO - Processing /home/airflow/.local/lib/python3.7/site-packages/airflow/example_dags/example_trigger_target_dag.py took 0.316 seconds
[2022-10-25T14:28:31.301+0000] {processor.py:154} INFO - Started process (PID=607) to work on /home/airflow/.local/lib/python3.7/site-packages/airflow/example_dags/example_trigger_target_dag.py
[2022-10-25T14:28:31.304+0000] {processor.py:756} INFO - Processing file /home/airflow/.local/lib/python3.7/site-packages/airflow/example_dags/example_trigger_target_dag.py for tasks to queue
[2022-10-25T14:28:31.306+0000] {logging_mixin.py:120} INFO - [2022-10-25T14:28:31.306+0000] {dagbag.py:537} INFO - Filling up the DagBag from /home/airflow/.local/lib/python3.7/site-packages/airflow/example_dags/example_trigger_target_dag.py
[2022-10-25T14:28:31.338+0000] {processor.py:766} INFO - DAG(s) dict_keys(['example_trigger_target_dag']) retrieved from /home/airflow/.local/lib/python3.7/site-packages/airflow/example_dags/example_trigger_target_dag.py
[2022-10-25T14:28:31.387+0000] {logging_mixin.py:120} INFO - [2022-10-25T14:28:31.387+0000] {dag.py:2585} INFO - Sync 1 DAGs
[2022-10-25T14:28:31.420+0000] {logging_mixin.py:120} INFO - [2022-10-25T14:28:31.420+0000] {dag.py:3340} INFO - Setting next_dagrun for example_trigger_target_dag to None, run_after=None
[2022-10-25T14:28:31.443+0000] {processor.py:176} INFO - Processing /home/airflow/.local/lib/python3.7/site-packages/airflow/example_dags/example_trigger_target_dag.py took 0.147 seconds
[2022-10-25T14:29:01.942+0000] {processor.py:154} INFO - Started process (PID=806) to work on /home/airflow/.local/lib/python3.7/site-packages/airflow/example_dags/example_trigger_target_dag.py
[2022-10-25T14:29:01.953+0000] {processor.py:756} INFO - Processing file /home/airflow/.local/lib/python3.7/site-packages/airflow/example_dags/example_trigger_target_dag.py for tasks to queue
[2022-10-25T14:29:01.955+0000] {logging_mixin.py:120} INFO - [2022-10-25T14:29:01.955+0000] {dagbag.py:537} INFO - Filling up the DagBag from /home/airflow/.local/lib/python3.7/site-packages/airflow/example_dags/example_trigger_target_dag.py
[2022-10-25T14:29:01.976+0000] {processor.py:766} INFO - DAG(s) dict_keys(['example_trigger_target_dag']) retrieved from /home/airflow/.local/lib/python3.7/site-packages/airflow/example_dags/example_trigger_target_dag.py
[2022-10-25T14:29:02.010+0000] {logging_mixin.py:120} INFO - [2022-10-25T14:29:02.010+0000] {dag.py:2585} INFO - Sync 1 DAGs
[2022-10-25T14:29:02.030+0000] {logging_mixin.py:120} INFO - [2022-10-25T14:29:02.030+0000] {dag.py:3340} INFO - Setting next_dagrun for example_trigger_target_dag to None, run_after=None
[2022-10-25T14:29:02.058+0000] {processor.py:176} INFO - Processing /home/airflow/.local/lib/python3.7/site-packages/airflow/example_dags/example_trigger_target_dag.py took 0.119 seconds
[2022-10-25T14:29:32.140+0000] {processor.py:154} INFO - Started process (PID=1013) to work on /home/airflow/.local/lib/python3.7/site-packages/airflow/example_dags/example_trigger_target_dag.py
[2022-10-25T14:29:32.142+0000] {processor.py:756} INFO - Processing file /home/airflow/.local/lib/python3.7/site-packages/airflow/example_dags/example_trigger_target_dag.py for tasks to queue
[2022-10-25T14:29:32.143+0000] {logging_mixin.py:120} INFO - [2022-10-25T14:29:32.143+0000] {dagbag.py:537} INFO - Filling up the DagBag from /home/airflow/.local/lib/python3.7/site-packages/airflow/example_dags/example_trigger_target_dag.py
[2022-10-25T14:29:32.159+0000] {processor.py:766} INFO - DAG(s) dict_keys(['example_trigger_target_dag']) retrieved from /home/airflow/.local/lib/python3.7/site-packages/airflow/example_dags/example_trigger_target_dag.py
[2022-10-25T14:29:32.192+0000] {logging_mixin.py:120} INFO - [2022-10-25T14:29:32.191+0000] {dag.py:2585} INFO - Sync 1 DAGs
[2022-10-25T14:29:32.210+0000] {logging_mixin.py:120} INFO - [2022-10-25T14:29:32.210+0000] {dag.py:3340} INFO - Setting next_dagrun for example_trigger_target_dag to None, run_after=None
[2022-10-25T14:29:32.223+0000] {processor.py:176} INFO - Processing /home/airflow/.local/lib/python3.7/site-packages/airflow/example_dags/example_trigger_target_dag.py took 0.086 seconds
