[2022-10-25T14:27:30.128+0000] {processor.py:154} INFO - Started process (PID=231) to work on /home/airflow/.local/lib/python3.7/site-packages/airflow/example_dags/example_dag_decorator.py
[2022-10-25T14:27:30.149+0000] {processor.py:756} INFO - Processing file /home/airflow/.local/lib/python3.7/site-packages/airflow/example_dags/example_dag_decorator.py for tasks to queue
[2022-10-25T14:27:30.152+0000] {logging_mixin.py:120} INFO - [2022-10-25T14:27:30.152+0000] {dagbag.py:537} INFO - Filling up the DagBag from /home/airflow/.local/lib/python3.7/site-packages/airflow/example_dags/example_dag_decorator.py
[2022-10-25T14:27:30.319+0000] {logging_mixin.py:120} INFO - [2022-10-25T14:27:30.319+0000] {taskmixin.py:205} WARNING - Dependency <Task(_PythonDecoratedOperator): prepare_email>, send_email already registered for DAG: example_dag_decorator
[2022-10-25T14:27:30.336+0000] {logging_mixin.py:120} INFO - [2022-10-25T14:27:30.336+0000] {taskmixin.py:205} WARNING - Dependency <Task(EmailOperator): send_email>, prepare_email already registered for DAG: example_dag_decorator
[2022-10-25T14:27:30.532+0000] {processor.py:766} INFO - DAG(s) dict_keys(['example_dag_decorator']) retrieved from /home/airflow/.local/lib/python3.7/site-packages/airflow/example_dags/example_dag_decorator.py
[2022-10-25T14:27:32.426+0000] {logging_mixin.py:120} INFO - [2022-10-25T14:27:32.426+0000] {dag.py:2585} INFO - Sync 1 DAGs
[2022-10-25T14:27:32.543+0000] {logging_mixin.py:120} INFO - [2022-10-25T14:27:32.543+0000] {dag.py:3340} INFO - Setting next_dagrun for example_dag_decorator to None, run_after=None
[2022-10-25T14:27:32.656+0000] {processor.py:176} INFO - Processing /home/airflow/.local/lib/python3.7/site-packages/airflow/example_dags/example_dag_decorator.py took 2.548 seconds
[2022-10-25T14:28:02.976+0000] {processor.py:154} INFO - Started process (PID=421) to work on /home/airflow/.local/lib/python3.7/site-packages/airflow/example_dags/example_dag_decorator.py
[2022-10-25T14:28:02.985+0000] {processor.py:756} INFO - Processing file /home/airflow/.local/lib/python3.7/site-packages/airflow/example_dags/example_dag_decorator.py for tasks to queue
[2022-10-25T14:28:02.989+0000] {logging_mixin.py:120} INFO - [2022-10-25T14:28:02.989+0000] {dagbag.py:537} INFO - Filling up the DagBag from /home/airflow/.local/lib/python3.7/site-packages/airflow/example_dags/example_dag_decorator.py
[2022-10-25T14:28:03.044+0000] {logging_mixin.py:120} INFO - [2022-10-25T14:28:03.044+0000] {taskmixin.py:205} WARNING - Dependency <Task(_PythonDecoratedOperator): prepare_email>, send_email already registered for DAG: example_dag_decorator
[2022-10-25T14:28:03.049+0000] {logging_mixin.py:120} INFO - [2022-10-25T14:28:03.049+0000] {taskmixin.py:205} WARNING - Dependency <Task(EmailOperator): send_email>, prepare_email already registered for DAG: example_dag_decorator
[2022-10-25T14:28:03.170+0000] {processor.py:766} INFO - DAG(s) dict_keys(['example_dag_decorator']) retrieved from /home/airflow/.local/lib/python3.7/site-packages/airflow/example_dags/example_dag_decorator.py
[2022-10-25T14:28:03.540+0000] {logging_mixin.py:120} INFO - [2022-10-25T14:28:03.540+0000] {dag.py:2585} INFO - Sync 1 DAGs
[2022-10-25T14:28:03.667+0000] {logging_mixin.py:120} INFO - [2022-10-25T14:28:03.667+0000] {dag.py:3340} INFO - Setting next_dagrun for example_dag_decorator to None, run_after=None
[2022-10-25T14:28:03.789+0000] {processor.py:176} INFO - Processing /home/airflow/.local/lib/python3.7/site-packages/airflow/example_dags/example_dag_decorator.py took 0.818 seconds
[2022-10-25T14:28:34.021+0000] {processor.py:154} INFO - Started process (PID=632) to work on /home/airflow/.local/lib/python3.7/site-packages/airflow/example_dags/example_dag_decorator.py
[2022-10-25T14:28:34.024+0000] {processor.py:756} INFO - Processing file /home/airflow/.local/lib/python3.7/site-packages/airflow/example_dags/example_dag_decorator.py for tasks to queue
[2022-10-25T14:28:34.026+0000] {logging_mixin.py:120} INFO - [2022-10-25T14:28:34.026+0000] {dagbag.py:537} INFO - Filling up the DagBag from /home/airflow/.local/lib/python3.7/site-packages/airflow/example_dags/example_dag_decorator.py
[2022-10-25T14:28:34.053+0000] {logging_mixin.py:120} INFO - [2022-10-25T14:28:34.053+0000] {taskmixin.py:205} WARNING - Dependency <Task(_PythonDecoratedOperator): prepare_email>, send_email already registered for DAG: example_dag_decorator
[2022-10-25T14:28:34.060+0000] {logging_mixin.py:120} INFO - [2022-10-25T14:28:34.060+0000] {taskmixin.py:205} WARNING - Dependency <Task(EmailOperator): send_email>, prepare_email already registered for DAG: example_dag_decorator
[2022-10-25T14:28:34.076+0000] {processor.py:766} INFO - DAG(s) dict_keys(['example_dag_decorator']) retrieved from /home/airflow/.local/lib/python3.7/site-packages/airflow/example_dags/example_dag_decorator.py
[2022-10-25T14:28:34.166+0000] {logging_mixin.py:120} INFO - [2022-10-25T14:28:34.166+0000] {dag.py:2585} INFO - Sync 1 DAGs
[2022-10-25T14:28:34.190+0000] {logging_mixin.py:120} INFO - [2022-10-25T14:28:34.190+0000] {dag.py:3340} INFO - Setting next_dagrun for example_dag_decorator to None, run_after=None
[2022-10-25T14:28:34.207+0000] {processor.py:176} INFO - Processing /home/airflow/.local/lib/python3.7/site-packages/airflow/example_dags/example_dag_decorator.py took 0.189 seconds
[2022-10-25T14:29:04.448+0000] {processor.py:154} INFO - Started process (PID=838) to work on /home/airflow/.local/lib/python3.7/site-packages/airflow/example_dags/example_dag_decorator.py
[2022-10-25T14:29:04.458+0000] {processor.py:756} INFO - Processing file /home/airflow/.local/lib/python3.7/site-packages/airflow/example_dags/example_dag_decorator.py for tasks to queue
[2022-10-25T14:29:04.460+0000] {logging_mixin.py:120} INFO - [2022-10-25T14:29:04.460+0000] {dagbag.py:537} INFO - Filling up the DagBag from /home/airflow/.local/lib/python3.7/site-packages/airflow/example_dags/example_dag_decorator.py
[2022-10-25T14:29:04.500+0000] {logging_mixin.py:120} INFO - [2022-10-25T14:29:04.500+0000] {taskmixin.py:205} WARNING - Dependency <Task(_PythonDecoratedOperator): prepare_email>, send_email already registered for DAG: example_dag_decorator
[2022-10-25T14:29:04.507+0000] {logging_mixin.py:120} INFO - [2022-10-25T14:29:04.507+0000] {taskmixin.py:205} WARNING - Dependency <Task(EmailOperator): send_email>, prepare_email already registered for DAG: example_dag_decorator
[2022-10-25T14:29:04.562+0000] {processor.py:766} INFO - DAG(s) dict_keys(['example_dag_decorator']) retrieved from /home/airflow/.local/lib/python3.7/site-packages/airflow/example_dags/example_dag_decorator.py
[2022-10-25T14:29:04.697+0000] {logging_mixin.py:120} INFO - [2022-10-25T14:29:04.697+0000] {dag.py:2585} INFO - Sync 1 DAGs
[2022-10-25T14:29:04.718+0000] {logging_mixin.py:120} INFO - [2022-10-25T14:29:04.718+0000] {dag.py:3340} INFO - Setting next_dagrun for example_dag_decorator to None, run_after=None
[2022-10-25T14:29:04.740+0000] {processor.py:176} INFO - Processing /home/airflow/.local/lib/python3.7/site-packages/airflow/example_dags/example_dag_decorator.py took 0.296 seconds
