[2022-10-25T14:27:51.183+0000] {processor.py:154} INFO - Started process (PID=347) to work on /home/airflow/.local/lib/python3.7/site-packages/airflow/example_dags/example_branch_python_dop_operator_3.py
[2022-10-25T14:27:51.187+0000] {processor.py:756} INFO - Processing file /home/airflow/.local/lib/python3.7/site-packages/airflow/example_dags/example_branch_python_dop_operator_3.py for tasks to queue
[2022-10-25T14:27:51.190+0000] {logging_mixin.py:120} INFO - [2022-10-25T14:27:51.190+0000] {dagbag.py:537} INFO - Filling up the DagBag from /home/airflow/.local/lib/python3.7/site-packages/airflow/example_dags/example_branch_python_dop_operator_3.py
[2022-10-25T14:27:51.248+0000] {processor.py:766} INFO - DAG(s) dict_keys(['example_branch_dop_operator_v3']) retrieved from /home/airflow/.local/lib/python3.7/site-packages/airflow/example_dags/example_branch_python_dop_operator_3.py
[2022-10-25T14:27:51.397+0000] {logging_mixin.py:120} INFO - [2022-10-25T14:27:51.397+0000] {dag.py:2585} INFO - Sync 1 DAGs
[2022-10-25T14:27:51.488+0000] {logging_mixin.py:120} INFO - [2022-10-25T14:27:51.487+0000] {dag.py:3340} INFO - Setting next_dagrun for example_branch_dop_operator_v3 to 2022-10-25T14:26:00+00:00, run_after=2022-10-25T14:27:00+00:00
[2022-10-25T14:27:51.603+0000] {processor.py:176} INFO - Processing /home/airflow/.local/lib/python3.7/site-packages/airflow/example_dags/example_branch_python_dop_operator_3.py took 0.436 seconds
[2022-10-25T14:28:21.901+0000] {processor.py:154} INFO - Started process (PID=547) to work on /home/airflow/.local/lib/python3.7/site-packages/airflow/example_dags/example_branch_python_dop_operator_3.py
[2022-10-25T14:28:21.904+0000] {processor.py:756} INFO - Processing file /home/airflow/.local/lib/python3.7/site-packages/airflow/example_dags/example_branch_python_dop_operator_3.py for tasks to queue
[2022-10-25T14:28:21.906+0000] {logging_mixin.py:120} INFO - [2022-10-25T14:28:21.906+0000] {dagbag.py:537} INFO - Filling up the DagBag from /home/airflow/.local/lib/python3.7/site-packages/airflow/example_dags/example_branch_python_dop_operator_3.py
[2022-10-25T14:28:21.926+0000] {processor.py:766} INFO - DAG(s) dict_keys(['example_branch_dop_operator_v3']) retrieved from /home/airflow/.local/lib/python3.7/site-packages/airflow/example_dags/example_branch_python_dop_operator_3.py
[2022-10-25T14:28:21.958+0000] {logging_mixin.py:120} INFO - [2022-10-25T14:28:21.958+0000] {dag.py:2585} INFO - Sync 1 DAGs
[2022-10-25T14:28:21.979+0000] {logging_mixin.py:120} INFO - [2022-10-25T14:28:21.979+0000] {dag.py:3340} INFO - Setting next_dagrun for example_branch_dop_operator_v3 to 2022-10-25T14:27:00+00:00, run_after=2022-10-25T14:28:00+00:00
[2022-10-25T14:28:21.992+0000] {processor.py:176} INFO - Processing /home/airflow/.local/lib/python3.7/site-packages/airflow/example_dags/example_branch_python_dop_operator_3.py took 0.093 seconds
[2022-10-25T14:28:52.774+0000] {processor.py:154} INFO - Started process (PID=756) to work on /home/airflow/.local/lib/python3.7/site-packages/airflow/example_dags/example_branch_python_dop_operator_3.py
[2022-10-25T14:28:52.777+0000] {processor.py:756} INFO - Processing file /home/airflow/.local/lib/python3.7/site-packages/airflow/example_dags/example_branch_python_dop_operator_3.py for tasks to queue
[2022-10-25T14:28:52.779+0000] {logging_mixin.py:120} INFO - [2022-10-25T14:28:52.779+0000] {dagbag.py:537} INFO - Filling up the DagBag from /home/airflow/.local/lib/python3.7/site-packages/airflow/example_dags/example_branch_python_dop_operator_3.py
[2022-10-25T14:28:52.801+0000] {processor.py:766} INFO - DAG(s) dict_keys(['example_branch_dop_operator_v3']) retrieved from /home/airflow/.local/lib/python3.7/site-packages/airflow/example_dags/example_branch_python_dop_operator_3.py
[2022-10-25T14:28:52.844+0000] {logging_mixin.py:120} INFO - [2022-10-25T14:28:52.844+0000] {dag.py:2585} INFO - Sync 1 DAGs
[2022-10-25T14:28:52.868+0000] {logging_mixin.py:120} INFO - [2022-10-25T14:28:52.868+0000] {dag.py:3340} INFO - Setting next_dagrun for example_branch_dop_operator_v3 to 2022-10-25T14:27:00+00:00, run_after=2022-10-25T14:28:00+00:00
[2022-10-25T14:28:52.893+0000] {processor.py:176} INFO - Processing /home/airflow/.local/lib/python3.7/site-packages/airflow/example_dags/example_branch_python_dop_operator_3.py took 0.122 seconds
[2022-10-25T14:29:23.981+0000] {processor.py:154} INFO - Started process (PID=954) to work on /home/airflow/.local/lib/python3.7/site-packages/airflow/example_dags/example_branch_python_dop_operator_3.py
[2022-10-25T14:29:23.983+0000] {processor.py:756} INFO - Processing file /home/airflow/.local/lib/python3.7/site-packages/airflow/example_dags/example_branch_python_dop_operator_3.py for tasks to queue
[2022-10-25T14:29:23.985+0000] {logging_mixin.py:120} INFO - [2022-10-25T14:29:23.985+0000] {dagbag.py:537} INFO - Filling up the DagBag from /home/airflow/.local/lib/python3.7/site-packages/airflow/example_dags/example_branch_python_dop_operator_3.py
[2022-10-25T14:29:24.002+0000] {processor.py:766} INFO - DAG(s) dict_keys(['example_branch_dop_operator_v3']) retrieved from /home/airflow/.local/lib/python3.7/site-packages/airflow/example_dags/example_branch_python_dop_operator_3.py
[2022-10-25T14:29:24.037+0000] {logging_mixin.py:120} INFO - [2022-10-25T14:29:24.037+0000] {dag.py:2585} INFO - Sync 1 DAGs
[2022-10-25T14:29:24.064+0000] {logging_mixin.py:120} INFO - [2022-10-25T14:29:24.064+0000] {dag.py:3340} INFO - Setting next_dagrun for example_branch_dop_operator_v3 to 2022-10-25T14:28:00+00:00, run_after=2022-10-25T14:29:00+00:00
[2022-10-25T14:29:24.085+0000] {processor.py:176} INFO - Processing /home/airflow/.local/lib/python3.7/site-packages/airflow/example_dags/example_branch_python_dop_operator_3.py took 0.107 seconds
