[2022-10-25T14:27:43.851+0000] {processor.py:154} INFO - Started process (PID=278) to work on /home/airflow/.local/lib/python3.7/site-packages/airflow/example_dags/example_complex.py
[2022-10-25T14:27:43.859+0000] {processor.py:756} INFO - Processing file /home/airflow/.local/lib/python3.7/site-packages/airflow/example_dags/example_complex.py for tasks to queue
[2022-10-25T14:27:43.862+0000] {logging_mixin.py:120} INFO - [2022-10-25T14:27:43.861+0000] {dagbag.py:537} INFO - Filling up the DagBag from /home/airflow/.local/lib/python3.7/site-packages/airflow/example_dags/example_complex.py
[2022-10-25T14:27:44.052+0000] {logging_mixin.py:120} INFO - [2022-10-25T14:27:44.052+0000] {taskmixin.py:205} WARNING - Dependency <Task(BashOperator): create_entry_group>, delete_entry_group already registered for DAG: example_complex
[2022-10-25T14:27:44.058+0000] {logging_mixin.py:120} INFO - [2022-10-25T14:27:44.058+0000] {taskmixin.py:205} WARNING - Dependency <Task(BashOperator): delete_entry_group>, create_entry_group already registered for DAG: example_complex
[2022-10-25T14:27:44.061+0000] {logging_mixin.py:120} INFO - [2022-10-25T14:27:44.061+0000] {taskmixin.py:205} WARNING - Dependency <Task(BashOperator): create_entry_gcs>, delete_entry already registered for DAG: example_complex
[2022-10-25T14:27:44.062+0000] {logging_mixin.py:120} INFO - [2022-10-25T14:27:44.062+0000] {taskmixin.py:205} WARNING - Dependency <Task(BashOperator): delete_entry>, create_entry_gcs already registered for DAG: example_complex
[2022-10-25T14:27:44.064+0000] {logging_mixin.py:120} INFO - [2022-10-25T14:27:44.064+0000] {taskmixin.py:205} WARNING - Dependency <Task(BashOperator): create_tag>, delete_tag already registered for DAG: example_complex
[2022-10-25T14:27:44.065+0000] {logging_mixin.py:120} INFO - [2022-10-25T14:27:44.065+0000] {taskmixin.py:205} WARNING - Dependency <Task(BashOperator): delete_tag>, create_tag already registered for DAG: example_complex
[2022-10-25T14:27:44.563+0000] {processor.py:766} INFO - DAG(s) dict_keys(['example_complex']) retrieved from /home/airflow/.local/lib/python3.7/site-packages/airflow/example_dags/example_complex.py
[2022-10-25T14:27:44.973+0000] {logging_mixin.py:120} INFO - [2022-10-25T14:27:44.971+0000] {dag.py:2585} INFO - Sync 1 DAGs
[2022-10-25T14:27:45.068+0000] {logging_mixin.py:120} INFO - [2022-10-25T14:27:45.068+0000] {dag.py:3340} INFO - Setting next_dagrun for example_complex to None, run_after=None
[2022-10-25T14:27:45.164+0000] {processor.py:176} INFO - Processing /home/airflow/.local/lib/python3.7/site-packages/airflow/example_dags/example_complex.py took 1.330 seconds
[2022-10-25T14:28:15.626+0000] {processor.py:154} INFO - Started process (PID=478) to work on /home/airflow/.local/lib/python3.7/site-packages/airflow/example_dags/example_complex.py
[2022-10-25T14:28:15.627+0000] {processor.py:756} INFO - Processing file /home/airflow/.local/lib/python3.7/site-packages/airflow/example_dags/example_complex.py for tasks to queue
[2022-10-25T14:28:15.629+0000] {logging_mixin.py:120} INFO - [2022-10-25T14:28:15.629+0000] {dagbag.py:537} INFO - Filling up the DagBag from /home/airflow/.local/lib/python3.7/site-packages/airflow/example_dags/example_complex.py
[2022-10-25T14:28:15.637+0000] {logging_mixin.py:120} INFO - [2022-10-25T14:28:15.637+0000] {taskmixin.py:205} WARNING - Dependency <Task(BashOperator): create_entry_group>, delete_entry_group already registered for DAG: example_complex
[2022-10-25T14:28:15.638+0000] {logging_mixin.py:120} INFO - [2022-10-25T14:28:15.638+0000] {taskmixin.py:205} WARNING - Dependency <Task(BashOperator): delete_entry_group>, create_entry_group already registered for DAG: example_complex
[2022-10-25T14:28:15.640+0000] {logging_mixin.py:120} INFO - [2022-10-25T14:28:15.640+0000] {taskmixin.py:205} WARNING - Dependency <Task(BashOperator): create_entry_gcs>, delete_entry already registered for DAG: example_complex
[2022-10-25T14:28:15.640+0000] {logging_mixin.py:120} INFO - [2022-10-25T14:28:15.640+0000] {taskmixin.py:205} WARNING - Dependency <Task(BashOperator): delete_entry>, create_entry_gcs already registered for DAG: example_complex
[2022-10-25T14:28:15.642+0000] {logging_mixin.py:120} INFO - [2022-10-25T14:28:15.642+0000] {taskmixin.py:205} WARNING - Dependency <Task(BashOperator): create_tag>, delete_tag already registered for DAG: example_complex
[2022-10-25T14:28:15.643+0000] {logging_mixin.py:120} INFO - [2022-10-25T14:28:15.643+0000] {taskmixin.py:205} WARNING - Dependency <Task(BashOperator): delete_tag>, create_tag already registered for DAG: example_complex
[2022-10-25T14:28:15.650+0000] {processor.py:766} INFO - DAG(s) dict_keys(['example_complex']) retrieved from /home/airflow/.local/lib/python3.7/site-packages/airflow/example_dags/example_complex.py
[2022-10-25T14:28:15.692+0000] {logging_mixin.py:120} INFO - [2022-10-25T14:28:15.692+0000] {dag.py:2585} INFO - Sync 1 DAGs
[2022-10-25T14:28:15.717+0000] {logging_mixin.py:120} INFO - [2022-10-25T14:28:15.717+0000] {dag.py:3340} INFO - Setting next_dagrun for example_complex to None, run_after=None
[2022-10-25T14:28:15.748+0000] {processor.py:176} INFO - Processing /home/airflow/.local/lib/python3.7/site-packages/airflow/example_dags/example_complex.py took 0.125 seconds
[2022-10-25T14:28:46.113+0000] {processor.py:154} INFO - Started process (PID=685) to work on /home/airflow/.local/lib/python3.7/site-packages/airflow/example_dags/example_complex.py
[2022-10-25T14:28:46.157+0000] {processor.py:756} INFO - Processing file /home/airflow/.local/lib/python3.7/site-packages/airflow/example_dags/example_complex.py for tasks to queue
[2022-10-25T14:28:46.164+0000] {logging_mixin.py:120} INFO - [2022-10-25T14:28:46.164+0000] {dagbag.py:537} INFO - Filling up the DagBag from /home/airflow/.local/lib/python3.7/site-packages/airflow/example_dags/example_complex.py
[2022-10-25T14:28:46.179+0000] {logging_mixin.py:120} INFO - [2022-10-25T14:28:46.179+0000] {taskmixin.py:205} WARNING - Dependency <Task(BashOperator): create_entry_group>, delete_entry_group already registered for DAG: example_complex
[2022-10-25T14:28:46.181+0000] {logging_mixin.py:120} INFO - [2022-10-25T14:28:46.181+0000] {taskmixin.py:205} WARNING - Dependency <Task(BashOperator): delete_entry_group>, create_entry_group already registered for DAG: example_complex
[2022-10-25T14:28:46.183+0000] {logging_mixin.py:120} INFO - [2022-10-25T14:28:46.182+0000] {taskmixin.py:205} WARNING - Dependency <Task(BashOperator): create_entry_gcs>, delete_entry already registered for DAG: example_complex
[2022-10-25T14:28:46.184+0000] {logging_mixin.py:120} INFO - [2022-10-25T14:28:46.184+0000] {taskmixin.py:205} WARNING - Dependency <Task(BashOperator): delete_entry>, create_entry_gcs already registered for DAG: example_complex
[2022-10-25T14:28:46.185+0000] {logging_mixin.py:120} INFO - [2022-10-25T14:28:46.185+0000] {taskmixin.py:205} WARNING - Dependency <Task(BashOperator): create_tag>, delete_tag already registered for DAG: example_complex
[2022-10-25T14:28:46.187+0000] {logging_mixin.py:120} INFO - [2022-10-25T14:28:46.187+0000] {taskmixin.py:205} WARNING - Dependency <Task(BashOperator): delete_tag>, create_tag already registered for DAG: example_complex
[2022-10-25T14:28:46.198+0000] {processor.py:766} INFO - DAG(s) dict_keys(['example_complex']) retrieved from /home/airflow/.local/lib/python3.7/site-packages/airflow/example_dags/example_complex.py
[2022-10-25T14:28:46.283+0000] {logging_mixin.py:120} INFO - [2022-10-25T14:28:46.283+0000] {dag.py:2585} INFO - Sync 1 DAGs
[2022-10-25T14:28:46.315+0000] {logging_mixin.py:120} INFO - [2022-10-25T14:28:46.315+0000] {dag.py:3340} INFO - Setting next_dagrun for example_complex to None, run_after=None
[2022-10-25T14:28:46.333+0000] {processor.py:176} INFO - Processing /home/airflow/.local/lib/python3.7/site-packages/airflow/example_dags/example_complex.py took 0.235 seconds
[2022-10-25T14:29:16.464+0000] {processor.py:154} INFO - Started process (PID=894) to work on /home/airflow/.local/lib/python3.7/site-packages/airflow/example_dags/example_complex.py
[2022-10-25T14:29:16.468+0000] {processor.py:756} INFO - Processing file /home/airflow/.local/lib/python3.7/site-packages/airflow/example_dags/example_complex.py for tasks to queue
[2022-10-25T14:29:16.475+0000] {logging_mixin.py:120} INFO - [2022-10-25T14:29:16.474+0000] {dagbag.py:537} INFO - Filling up the DagBag from /home/airflow/.local/lib/python3.7/site-packages/airflow/example_dags/example_complex.py
[2022-10-25T14:29:16.493+0000] {logging_mixin.py:120} INFO - [2022-10-25T14:29:16.493+0000] {taskmixin.py:205} WARNING - Dependency <Task(BashOperator): create_entry_group>, delete_entry_group already registered for DAG: example_complex
[2022-10-25T14:29:16.495+0000] {logging_mixin.py:120} INFO - [2022-10-25T14:29:16.495+0000] {taskmixin.py:205} WARNING - Dependency <Task(BashOperator): delete_entry_group>, create_entry_group already registered for DAG: example_complex
[2022-10-25T14:29:16.496+0000] {logging_mixin.py:120} INFO - [2022-10-25T14:29:16.496+0000] {taskmixin.py:205} WARNING - Dependency <Task(BashOperator): create_entry_gcs>, delete_entry already registered for DAG: example_complex
[2022-10-25T14:29:16.499+0000] {logging_mixin.py:120} INFO - [2022-10-25T14:29:16.498+0000] {taskmixin.py:205} WARNING - Dependency <Task(BashOperator): delete_entry>, create_entry_gcs already registered for DAG: example_complex
[2022-10-25T14:29:16.503+0000] {logging_mixin.py:120} INFO - [2022-10-25T14:29:16.503+0000] {taskmixin.py:205} WARNING - Dependency <Task(BashOperator): create_tag>, delete_tag already registered for DAG: example_complex
[2022-10-25T14:29:16.505+0000] {logging_mixin.py:120} INFO - [2022-10-25T14:29:16.505+0000] {taskmixin.py:205} WARNING - Dependency <Task(BashOperator): delete_tag>, create_tag already registered for DAG: example_complex
[2022-10-25T14:29:16.513+0000] {processor.py:766} INFO - DAG(s) dict_keys(['example_complex']) retrieved from /home/airflow/.local/lib/python3.7/site-packages/airflow/example_dags/example_complex.py
[2022-10-25T14:29:16.557+0000] {logging_mixin.py:120} INFO - [2022-10-25T14:29:16.557+0000] {dag.py:2585} INFO - Sync 1 DAGs
[2022-10-25T14:29:16.577+0000] {logging_mixin.py:120} INFO - [2022-10-25T14:29:16.577+0000] {dag.py:3340} INFO - Setting next_dagrun for example_complex to None, run_after=None
[2022-10-25T14:29:16.595+0000] {processor.py:176} INFO - Processing /home/airflow/.local/lib/python3.7/site-packages/airflow/example_dags/example_complex.py took 0.134 seconds
