[2022-10-25T14:27:32.947+0000] {processor.py:154} INFO - Started process (PID=243) to work on /home/airflow/.local/lib/python3.7/site-packages/airflow/example_dags/example_branch_day_of_week_operator.py
[2022-10-25T14:27:32.950+0000] {processor.py:756} INFO - Processing file /home/airflow/.local/lib/python3.7/site-packages/airflow/example_dags/example_branch_day_of_week_operator.py for tasks to queue
[2022-10-25T14:27:32.953+0000] {logging_mixin.py:120} INFO - [2022-10-25T14:27:32.952+0000] {dagbag.py:537} INFO - Filling up the DagBag from /home/airflow/.local/lib/python3.7/site-packages/airflow/example_dags/example_branch_day_of_week_operator.py
[2022-10-25T14:27:32.990+0000] {processor.py:766} INFO - DAG(s) dict_keys(['example_weekday_branch_operator']) retrieved from /home/airflow/.local/lib/python3.7/site-packages/airflow/example_dags/example_branch_day_of_week_operator.py
[2022-10-25T14:27:33.142+0000] {logging_mixin.py:120} INFO - [2022-10-25T14:27:33.142+0000] {dag.py:2585} INFO - Sync 1 DAGs
[2022-10-25T14:27:33.261+0000] {logging_mixin.py:120} INFO - [2022-10-25T14:27:33.258+0000] {dag.py:3340} INFO - Setting next_dagrun for example_weekday_branch_operator to 2022-10-24T00:00:00+00:00, run_after=2022-10-25T00:00:00+00:00
[2022-10-25T14:27:33.431+0000] {processor.py:176} INFO - Processing /home/airflow/.local/lib/python3.7/site-packages/airflow/example_dags/example_branch_day_of_week_operator.py took 0.487 seconds
[2022-10-25T14:28:03.991+0000] {processor.py:154} INFO - Started process (PID=441) to work on /home/airflow/.local/lib/python3.7/site-packages/airflow/example_dags/example_branch_day_of_week_operator.py
[2022-10-25T14:28:04.001+0000] {processor.py:756} INFO - Processing file /home/airflow/.local/lib/python3.7/site-packages/airflow/example_dags/example_branch_day_of_week_operator.py for tasks to queue
[2022-10-25T14:28:04.007+0000] {logging_mixin.py:120} INFO - [2022-10-25T14:28:04.006+0000] {dagbag.py:537} INFO - Filling up the DagBag from /home/airflow/.local/lib/python3.7/site-packages/airflow/example_dags/example_branch_day_of_week_operator.py
[2022-10-25T14:28:04.066+0000] {processor.py:766} INFO - DAG(s) dict_keys(['example_weekday_branch_operator']) retrieved from /home/airflow/.local/lib/python3.7/site-packages/airflow/example_dags/example_branch_day_of_week_operator.py
[2022-10-25T14:28:04.192+0000] {logging_mixin.py:120} INFO - [2022-10-25T14:28:04.192+0000] {dag.py:2585} INFO - Sync 1 DAGs
[2022-10-25T14:28:04.337+0000] {logging_mixin.py:120} INFO - [2022-10-25T14:28:04.336+0000] {dag.py:3340} INFO - Setting next_dagrun for example_weekday_branch_operator to 2022-10-24T00:00:00+00:00, run_after=2022-10-25T00:00:00+00:00
[2022-10-25T14:28:04.938+0000] {processor.py:176} INFO - Processing /home/airflow/.local/lib/python3.7/site-packages/airflow/example_dags/example_branch_day_of_week_operator.py took 0.964 seconds
[2022-10-25T14:28:36.058+0000] {processor.py:154} INFO - Started process (PID=640) to work on /home/airflow/.local/lib/python3.7/site-packages/airflow/example_dags/example_branch_day_of_week_operator.py
[2022-10-25T14:28:36.060+0000] {processor.py:756} INFO - Processing file /home/airflow/.local/lib/python3.7/site-packages/airflow/example_dags/example_branch_day_of_week_operator.py for tasks to queue
[2022-10-25T14:28:36.062+0000] {logging_mixin.py:120} INFO - [2022-10-25T14:28:36.062+0000] {dagbag.py:537} INFO - Filling up the DagBag from /home/airflow/.local/lib/python3.7/site-packages/airflow/example_dags/example_branch_day_of_week_operator.py
[2022-10-25T14:28:36.084+0000] {processor.py:766} INFO - DAG(s) dict_keys(['example_weekday_branch_operator']) retrieved from /home/airflow/.local/lib/python3.7/site-packages/airflow/example_dags/example_branch_day_of_week_operator.py
[2022-10-25T14:28:36.137+0000] {logging_mixin.py:120} INFO - [2022-10-25T14:28:36.136+0000] {dag.py:2585} INFO - Sync 1 DAGs
[2022-10-25T14:28:36.226+0000] {logging_mixin.py:120} INFO - [2022-10-25T14:28:36.218+0000] {dag.py:3340} INFO - Setting next_dagrun for example_weekday_branch_operator to 2022-10-24T00:00:00+00:00, run_after=2022-10-25T00:00:00+00:00
[2022-10-25T14:28:36.306+0000] {processor.py:176} INFO - Processing /home/airflow/.local/lib/python3.7/site-packages/airflow/example_dags/example_branch_day_of_week_operator.py took 0.254 seconds
[2022-10-25T14:29:06.812+0000] {processor.py:154} INFO - Started process (PID=847) to work on /home/airflow/.local/lib/python3.7/site-packages/airflow/example_dags/example_branch_day_of_week_operator.py
[2022-10-25T14:29:06.816+0000] {processor.py:756} INFO - Processing file /home/airflow/.local/lib/python3.7/site-packages/airflow/example_dags/example_branch_day_of_week_operator.py for tasks to queue
[2022-10-25T14:29:06.819+0000] {logging_mixin.py:120} INFO - [2022-10-25T14:29:06.818+0000] {dagbag.py:537} INFO - Filling up the DagBag from /home/airflow/.local/lib/python3.7/site-packages/airflow/example_dags/example_branch_day_of_week_operator.py
[2022-10-25T14:29:06.858+0000] {processor.py:766} INFO - DAG(s) dict_keys(['example_weekday_branch_operator']) retrieved from /home/airflow/.local/lib/python3.7/site-packages/airflow/example_dags/example_branch_day_of_week_operator.py
[2022-10-25T14:29:06.962+0000] {logging_mixin.py:120} INFO - [2022-10-25T14:29:06.962+0000] {dag.py:2585} INFO - Sync 1 DAGs
[2022-10-25T14:29:07.005+0000] {logging_mixin.py:120} INFO - [2022-10-25T14:29:07.005+0000] {dag.py:3340} INFO - Setting next_dagrun for example_weekday_branch_operator to 2022-10-24T00:00:00+00:00, run_after=2022-10-25T00:00:00+00:00
[2022-10-25T14:29:07.078+0000] {processor.py:176} INFO - Processing /home/airflow/.local/lib/python3.7/site-packages/airflow/example_dags/example_branch_day_of_week_operator.py took 0.279 seconds
