[2022-10-25T14:27:25.884+0000] {processor.py:154} INFO - Started process (PID=176) to work on /home/airflow/.local/lib/python3.7/site-packages/airflow/example_dags/example_skip_dag.py
[2022-10-25T14:27:25.904+0000] {processor.py:756} INFO - Processing file /home/airflow/.local/lib/python3.7/site-packages/airflow/example_dags/example_skip_dag.py for tasks to queue
[2022-10-25T14:27:25.912+0000] {logging_mixin.py:120} INFO - [2022-10-25T14:27:25.912+0000] {dagbag.py:537} INFO - Filling up the DagBag from /home/airflow/.local/lib/python3.7/site-packages/airflow/example_dags/example_skip_dag.py
[2022-10-25T14:27:26.144+0000] {processor.py:766} INFO - DAG(s) dict_keys(['example_skip_dag']) retrieved from /home/airflow/.local/lib/python3.7/site-packages/airflow/example_dags/example_skip_dag.py
[2022-10-25T14:27:26.565+0000] {logging_mixin.py:120} INFO - [2022-10-25T14:27:26.565+0000] {dag.py:2585} INFO - Sync 1 DAGs
[2022-10-25T14:27:26.668+0000] {logging_mixin.py:120} INFO - [2022-10-25T14:27:26.668+0000] {dag.py:3340} INFO - Setting next_dagrun for example_skip_dag to 2022-10-24T14:27:26.662926+00:00, run_after=2022-10-25T14:27:26.662926+00:00
[2022-10-25T14:27:26.736+0000] {processor.py:176} INFO - Processing /home/airflow/.local/lib/python3.7/site-packages/airflow/example_dags/example_skip_dag.py took 0.875 seconds
[2022-10-25T14:27:57.141+0000] {processor.py:154} INFO - Started process (PID=374) to work on /home/airflow/.local/lib/python3.7/site-packages/airflow/example_dags/example_skip_dag.py
[2022-10-25T14:27:57.169+0000] {processor.py:756} INFO - Processing file /home/airflow/.local/lib/python3.7/site-packages/airflow/example_dags/example_skip_dag.py for tasks to queue
[2022-10-25T14:27:57.181+0000] {logging_mixin.py:120} INFO - [2022-10-25T14:27:57.181+0000] {dagbag.py:537} INFO - Filling up the DagBag from /home/airflow/.local/lib/python3.7/site-packages/airflow/example_dags/example_skip_dag.py
[2022-10-25T14:27:57.324+0000] {processor.py:766} INFO - DAG(s) dict_keys(['example_skip_dag']) retrieved from /home/airflow/.local/lib/python3.7/site-packages/airflow/example_dags/example_skip_dag.py
[2022-10-25T14:27:57.513+0000] {logging_mixin.py:120} INFO - [2022-10-25T14:27:57.513+0000] {dag.py:2585} INFO - Sync 1 DAGs
[2022-10-25T14:27:57.601+0000] {logging_mixin.py:120} INFO - [2022-10-25T14:27:57.601+0000] {dag.py:3340} INFO - Setting next_dagrun for example_skip_dag to 2022-10-24T14:27:57.600581+00:00, run_after=2022-10-25T14:27:57.600581+00:00
[2022-10-25T14:27:57.636+0000] {processor.py:176} INFO - Processing /home/airflow/.local/lib/python3.7/site-packages/airflow/example_dags/example_skip_dag.py took 0.532 seconds
[2022-10-25T14:28:28.263+0000] {processor.py:154} INFO - Started process (PID=582) to work on /home/airflow/.local/lib/python3.7/site-packages/airflow/example_dags/example_skip_dag.py
[2022-10-25T14:28:28.273+0000] {processor.py:756} INFO - Processing file /home/airflow/.local/lib/python3.7/site-packages/airflow/example_dags/example_skip_dag.py for tasks to queue
[2022-10-25T14:28:28.280+0000] {logging_mixin.py:120} INFO - [2022-10-25T14:28:28.280+0000] {dagbag.py:537} INFO - Filling up the DagBag from /home/airflow/.local/lib/python3.7/site-packages/airflow/example_dags/example_skip_dag.py
[2022-10-25T14:28:28.321+0000] {processor.py:766} INFO - DAG(s) dict_keys(['example_skip_dag']) retrieved from /home/airflow/.local/lib/python3.7/site-packages/airflow/example_dags/example_skip_dag.py
[2022-10-25T14:28:28.591+0000] {logging_mixin.py:120} INFO - [2022-10-25T14:28:28.591+0000] {dag.py:2585} INFO - Sync 1 DAGs
[2022-10-25T14:28:28.831+0000] {logging_mixin.py:120} INFO - [2022-10-25T14:28:28.831+0000] {dag.py:3340} INFO - Setting next_dagrun for example_skip_dag to 2022-10-24T14:28:28.830765+00:00, run_after=2022-10-25T14:28:28.830765+00:00
[2022-10-25T14:28:28.913+0000] {processor.py:176} INFO - Processing /home/airflow/.local/lib/python3.7/site-packages/airflow/example_dags/example_skip_dag.py took 0.658 seconds
[2022-10-25T14:28:59.348+0000] {processor.py:154} INFO - Started process (PID=781) to work on /home/airflow/.local/lib/python3.7/site-packages/airflow/example_dags/example_skip_dag.py
[2022-10-25T14:28:59.352+0000] {processor.py:756} INFO - Processing file /home/airflow/.local/lib/python3.7/site-packages/airflow/example_dags/example_skip_dag.py for tasks to queue
[2022-10-25T14:28:59.354+0000] {logging_mixin.py:120} INFO - [2022-10-25T14:28:59.354+0000] {dagbag.py:537} INFO - Filling up the DagBag from /home/airflow/.local/lib/python3.7/site-packages/airflow/example_dags/example_skip_dag.py
[2022-10-25T14:28:59.385+0000] {processor.py:766} INFO - DAG(s) dict_keys(['example_skip_dag']) retrieved from /home/airflow/.local/lib/python3.7/site-packages/airflow/example_dags/example_skip_dag.py
[2022-10-25T14:28:59.453+0000] {logging_mixin.py:120} INFO - [2022-10-25T14:28:59.453+0000] {dag.py:2585} INFO - Sync 1 DAGs
[2022-10-25T14:28:59.477+0000] {logging_mixin.py:120} INFO - [2022-10-25T14:28:59.477+0000] {dag.py:3340} INFO - Setting next_dagrun for example_skip_dag to 2022-10-24T14:28:59.476880+00:00, run_after=2022-10-25T14:28:59.476880+00:00
[2022-10-25T14:28:59.502+0000] {processor.py:176} INFO - Processing /home/airflow/.local/lib/python3.7/site-packages/airflow/example_dags/example_skip_dag.py took 0.159 seconds
[2022-10-25T14:29:30.493+0000] {processor.py:154} INFO - Started process (PID=988) to work on /home/airflow/.local/lib/python3.7/site-packages/airflow/example_dags/example_skip_dag.py
[2022-10-25T14:29:30.496+0000] {processor.py:756} INFO - Processing file /home/airflow/.local/lib/python3.7/site-packages/airflow/example_dags/example_skip_dag.py for tasks to queue
[2022-10-25T14:29:30.500+0000] {logging_mixin.py:120} INFO - [2022-10-25T14:29:30.500+0000] {dagbag.py:537} INFO - Filling up the DagBag from /home/airflow/.local/lib/python3.7/site-packages/airflow/example_dags/example_skip_dag.py
[2022-10-25T14:29:30.608+0000] {processor.py:766} INFO - DAG(s) dict_keys(['example_skip_dag']) retrieved from /home/airflow/.local/lib/python3.7/site-packages/airflow/example_dags/example_skip_dag.py
[2022-10-25T14:29:30.712+0000] {logging_mixin.py:120} INFO - [2022-10-25T14:29:30.712+0000] {dag.py:2585} INFO - Sync 1 DAGs
[2022-10-25T14:29:30.763+0000] {logging_mixin.py:120} INFO - [2022-10-25T14:29:30.763+0000] {dag.py:3340} INFO - Setting next_dagrun for example_skip_dag to 2022-10-24T14:29:30.762559+00:00, run_after=2022-10-25T14:29:30.762559+00:00
[2022-10-25T14:29:30.787+0000] {processor.py:176} INFO - Processing /home/airflow/.local/lib/python3.7/site-packages/airflow/example_dags/example_skip_dag.py took 0.308 seconds
