[2022-10-25T14:27:32.693+0000] {processor.py:154} INFO - Started process (PID=239) to work on /home/airflow/.local/lib/python3.7/site-packages/airflow/example_dags/example_kubernetes_executor.py
[2022-10-25T14:27:32.698+0000] {processor.py:756} INFO - Processing file /home/airflow/.local/lib/python3.7/site-packages/airflow/example_dags/example_kubernetes_executor.py for tasks to queue
[2022-10-25T14:27:32.702+0000] {logging_mixin.py:120} INFO - [2022-10-25T14:27:32.702+0000] {dagbag.py:537} INFO - Filling up the DagBag from /home/airflow/.local/lib/python3.7/site-packages/airflow/example_dags/example_kubernetes_executor.py
[2022-10-25T14:27:32.764+0000] {processor.py:766} INFO - DAG(s) dict_keys(['example_kubernetes_executor']) retrieved from /home/airflow/.local/lib/python3.7/site-packages/airflow/example_dags/example_kubernetes_executor.py
[2022-10-25T14:27:32.950+0000] {logging_mixin.py:120} INFO - [2022-10-25T14:27:32.950+0000] {dag.py:2585} INFO - Sync 1 DAGs
[2022-10-25T14:27:33.027+0000] {logging_mixin.py:120} INFO - [2022-10-25T14:27:33.026+0000] {dag.py:3340} INFO - Setting next_dagrun for example_kubernetes_executor to None, run_after=None
[2022-10-25T14:27:33.133+0000] {processor.py:176} INFO - Processing /home/airflow/.local/lib/python3.7/site-packages/airflow/example_dags/example_kubernetes_executor.py took 0.445 seconds
[2022-10-25T14:28:03.846+0000] {processor.py:154} INFO - Started process (PID=434) to work on /home/airflow/.local/lib/python3.7/site-packages/airflow/example_dags/example_kubernetes_executor.py
[2022-10-25T14:28:03.854+0000] {processor.py:756} INFO - Processing file /home/airflow/.local/lib/python3.7/site-packages/airflow/example_dags/example_kubernetes_executor.py for tasks to queue
[2022-10-25T14:28:03.860+0000] {logging_mixin.py:120} INFO - [2022-10-25T14:28:03.859+0000] {dagbag.py:537} INFO - Filling up the DagBag from /home/airflow/.local/lib/python3.7/site-packages/airflow/example_dags/example_kubernetes_executor.py
[2022-10-25T14:28:04.089+0000] {processor.py:766} INFO - DAG(s) dict_keys(['example_kubernetes_executor']) retrieved from /home/airflow/.local/lib/python3.7/site-packages/airflow/example_dags/example_kubernetes_executor.py
[2022-10-25T14:28:04.265+0000] {logging_mixin.py:120} INFO - [2022-10-25T14:28:04.259+0000] {dag.py:2585} INFO - Sync 1 DAGs
[2022-10-25T14:28:04.360+0000] {logging_mixin.py:120} INFO - [2022-10-25T14:28:04.360+0000] {dag.py:3340} INFO - Setting next_dagrun for example_kubernetes_executor to None, run_after=None
[2022-10-25T14:28:04.949+0000] {processor.py:176} INFO - Processing /home/airflow/.local/lib/python3.7/site-packages/airflow/example_dags/example_kubernetes_executor.py took 1.131 seconds
[2022-10-25T14:28:36.055+0000] {processor.py:154} INFO - Started process (PID=637) to work on /home/airflow/.local/lib/python3.7/site-packages/airflow/example_dags/example_kubernetes_executor.py
[2022-10-25T14:28:36.059+0000] {processor.py:756} INFO - Processing file /home/airflow/.local/lib/python3.7/site-packages/airflow/example_dags/example_kubernetes_executor.py for tasks to queue
[2022-10-25T14:28:36.062+0000] {logging_mixin.py:120} INFO - [2022-10-25T14:28:36.062+0000] {dagbag.py:537} INFO - Filling up the DagBag from /home/airflow/.local/lib/python3.7/site-packages/airflow/example_dags/example_kubernetes_executor.py
[2022-10-25T14:28:36.107+0000] {processor.py:766} INFO - DAG(s) dict_keys(['example_kubernetes_executor']) retrieved from /home/airflow/.local/lib/python3.7/site-packages/airflow/example_dags/example_kubernetes_executor.py
[2022-10-25T14:28:36.182+0000] {logging_mixin.py:120} INFO - [2022-10-25T14:28:36.181+0000] {dag.py:2585} INFO - Sync 1 DAGs
[2022-10-25T14:28:36.235+0000] {logging_mixin.py:120} INFO - [2022-10-25T14:28:36.235+0000] {dag.py:3340} INFO - Setting next_dagrun for example_kubernetes_executor to None, run_after=None
[2022-10-25T14:28:36.306+0000] {processor.py:176} INFO - Processing /home/airflow/.local/lib/python3.7/site-packages/airflow/example_dags/example_kubernetes_executor.py took 0.256 seconds
[2022-10-25T14:29:06.815+0000] {processor.py:154} INFO - Started process (PID=845) to work on /home/airflow/.local/lib/python3.7/site-packages/airflow/example_dags/example_kubernetes_executor.py
[2022-10-25T14:29:06.818+0000] {processor.py:756} INFO - Processing file /home/airflow/.local/lib/python3.7/site-packages/airflow/example_dags/example_kubernetes_executor.py for tasks to queue
[2022-10-25T14:29:06.820+0000] {logging_mixin.py:120} INFO - [2022-10-25T14:29:06.819+0000] {dagbag.py:537} INFO - Filling up the DagBag from /home/airflow/.local/lib/python3.7/site-packages/airflow/example_dags/example_kubernetes_executor.py
[2022-10-25T14:29:06.875+0000] {processor.py:766} INFO - DAG(s) dict_keys(['example_kubernetes_executor']) retrieved from /home/airflow/.local/lib/python3.7/site-packages/airflow/example_dags/example_kubernetes_executor.py
[2022-10-25T14:29:06.962+0000] {logging_mixin.py:120} INFO - [2022-10-25T14:29:06.962+0000] {dag.py:2585} INFO - Sync 1 DAGs
[2022-10-25T14:29:07.013+0000] {logging_mixin.py:120} INFO - [2022-10-25T14:29:07.012+0000] {dag.py:3340} INFO - Setting next_dagrun for example_kubernetes_executor to None, run_after=None
[2022-10-25T14:29:07.089+0000] {processor.py:176} INFO - Processing /home/airflow/.local/lib/python3.7/site-packages/airflow/example_dags/example_kubernetes_executor.py took 0.296 seconds
