[2022-10-25T14:27:33.427+0000] {processor.py:154} INFO - Started process (PID=248) to work on /home/airflow/.local/lib/python3.7/site-packages/airflow/example_dags/example_branch_datetime_operator.py
[2022-10-25T14:27:33.445+0000] {processor.py:756} INFO - Processing file /home/airflow/.local/lib/python3.7/site-packages/airflow/example_dags/example_branch_datetime_operator.py for tasks to queue
[2022-10-25T14:27:33.465+0000] {logging_mixin.py:120} INFO - [2022-10-25T14:27:33.465+0000] {dagbag.py:537} INFO - Filling up the DagBag from /home/airflow/.local/lib/python3.7/site-packages/airflow/example_dags/example_branch_datetime_operator.py
[2022-10-25T14:27:33.560+0000] {processor.py:766} INFO - DAG(s) dict_keys(['example_branch_datetime_operator_2', 'example_branch_datetime_operator', 'example_branch_datetime_operator_3']) retrieved from /home/airflow/.local/lib/python3.7/site-packages/airflow/example_dags/example_branch_datetime_operator.py
[2022-10-25T14:27:34.096+0000] {logging_mixin.py:120} INFO - [2022-10-25T14:27:33.948+0000] {dag.py:2585} INFO - Sync 3 DAGs
[2022-10-25T14:27:34.884+0000] {logging_mixin.py:120} INFO - [2022-10-25T14:27:34.884+0000] {dag.py:3340} INFO - Setting next_dagrun for example_branch_datetime_operator to 2022-10-24T00:00:00+00:00, run_after=2022-10-25T00:00:00+00:00
[2022-10-25T14:27:35.375+0000] {logging_mixin.py:120} INFO - [2022-10-25T14:27:35.374+0000] {dag.py:3340} INFO - Setting next_dagrun for example_branch_datetime_operator_2 to 2022-10-24T00:00:00+00:00, run_after=2022-10-25T00:00:00+00:00
[2022-10-25T14:27:35.386+0000] {logging_mixin.py:120} INFO - [2022-10-25T14:27:35.386+0000] {dag.py:3340} INFO - Setting next_dagrun for example_branch_datetime_operator_3 to 2022-10-24T00:00:00+00:00, run_after=2022-10-25T00:00:00+00:00
[2022-10-25T14:27:35.809+0000] {processor.py:176} INFO - Processing /home/airflow/.local/lib/python3.7/site-packages/airflow/example_dags/example_branch_datetime_operator.py took 2.511 seconds
[2022-10-25T14:28:06.455+0000] {processor.py:154} INFO - Started process (PID=448) to work on /home/airflow/.local/lib/python3.7/site-packages/airflow/example_dags/example_branch_datetime_operator.py
[2022-10-25T14:28:06.463+0000] {processor.py:756} INFO - Processing file /home/airflow/.local/lib/python3.7/site-packages/airflow/example_dags/example_branch_datetime_operator.py for tasks to queue
[2022-10-25T14:28:06.469+0000] {logging_mixin.py:120} INFO - [2022-10-25T14:28:06.468+0000] {dagbag.py:537} INFO - Filling up the DagBag from /home/airflow/.local/lib/python3.7/site-packages/airflow/example_dags/example_branch_datetime_operator.py
[2022-10-25T14:28:06.542+0000] {processor.py:766} INFO - DAG(s) dict_keys(['example_branch_datetime_operator_3', 'example_branch_datetime_operator_2', 'example_branch_datetime_operator']) retrieved from /home/airflow/.local/lib/python3.7/site-packages/airflow/example_dags/example_branch_datetime_operator.py
[2022-10-25T14:28:06.732+0000] {logging_mixin.py:120} INFO - [2022-10-25T14:28:06.731+0000] {dag.py:2585} INFO - Sync 3 DAGs
[2022-10-25T14:28:06.780+0000] {logging_mixin.py:120} INFO - [2022-10-25T14:28:06.779+0000] {dag.py:3340} INFO - Setting next_dagrun for example_branch_datetime_operator to 2022-10-24T00:00:00+00:00, run_after=2022-10-25T00:00:00+00:00
[2022-10-25T14:28:06.789+0000] {logging_mixin.py:120} INFO - [2022-10-25T14:28:06.789+0000] {dag.py:3340} INFO - Setting next_dagrun for example_branch_datetime_operator_2 to 2022-10-24T00:00:00+00:00, run_after=2022-10-25T00:00:00+00:00
[2022-10-25T14:28:06.795+0000] {logging_mixin.py:120} INFO - [2022-10-25T14:28:06.795+0000] {dag.py:3340} INFO - Setting next_dagrun for example_branch_datetime_operator_3 to 2022-10-24T00:00:00+00:00, run_after=2022-10-25T00:00:00+00:00
[2022-10-25T14:28:06.832+0000] {processor.py:176} INFO - Processing /home/airflow/.local/lib/python3.7/site-packages/airflow/example_dags/example_branch_datetime_operator.py took 0.388 seconds
[2022-10-25T14:28:37.283+0000] {processor.py:154} INFO - Started process (PID=647) to work on /home/airflow/.local/lib/python3.7/site-packages/airflow/example_dags/example_branch_datetime_operator.py
[2022-10-25T14:28:37.287+0000] {processor.py:756} INFO - Processing file /home/airflow/.local/lib/python3.7/site-packages/airflow/example_dags/example_branch_datetime_operator.py for tasks to queue
[2022-10-25T14:28:37.289+0000] {logging_mixin.py:120} INFO - [2022-10-25T14:28:37.289+0000] {dagbag.py:537} INFO - Filling up the DagBag from /home/airflow/.local/lib/python3.7/site-packages/airflow/example_dags/example_branch_datetime_operator.py
[2022-10-25T14:28:37.315+0000] {processor.py:766} INFO - DAG(s) dict_keys(['example_branch_datetime_operator', 'example_branch_datetime_operator_3', 'example_branch_datetime_operator_2']) retrieved from /home/airflow/.local/lib/python3.7/site-packages/airflow/example_dags/example_branch_datetime_operator.py
[2022-10-25T14:28:37.370+0000] {logging_mixin.py:120} INFO - [2022-10-25T14:28:37.370+0000] {dag.py:2585} INFO - Sync 3 DAGs
[2022-10-25T14:28:37.391+0000] {logging_mixin.py:120} INFO - [2022-10-25T14:28:37.391+0000] {dag.py:3340} INFO - Setting next_dagrun for example_branch_datetime_operator to 2022-10-24T00:00:00+00:00, run_after=2022-10-25T00:00:00+00:00
[2022-10-25T14:28:37.396+0000] {logging_mixin.py:120} INFO - [2022-10-25T14:28:37.396+0000] {dag.py:3340} INFO - Setting next_dagrun for example_branch_datetime_operator_2 to 2022-10-24T00:00:00+00:00, run_after=2022-10-25T00:00:00+00:00
[2022-10-25T14:28:37.400+0000] {logging_mixin.py:120} INFO - [2022-10-25T14:28:37.399+0000] {dag.py:3340} INFO - Setting next_dagrun for example_branch_datetime_operator_3 to 2022-10-24T00:00:00+00:00, run_after=2022-10-25T00:00:00+00:00
[2022-10-25T14:28:37.424+0000] {processor.py:176} INFO - Processing /home/airflow/.local/lib/python3.7/site-packages/airflow/example_dags/example_branch_datetime_operator.py took 0.147 seconds
[2022-10-25T14:29:07.867+0000] {processor.py:154} INFO - Started process (PID=855) to work on /home/airflow/.local/lib/python3.7/site-packages/airflow/example_dags/example_branch_datetime_operator.py
[2022-10-25T14:29:07.871+0000] {processor.py:756} INFO - Processing file /home/airflow/.local/lib/python3.7/site-packages/airflow/example_dags/example_branch_datetime_operator.py for tasks to queue
[2022-10-25T14:29:07.882+0000] {logging_mixin.py:120} INFO - [2022-10-25T14:29:07.882+0000] {dagbag.py:537} INFO - Filling up the DagBag from /home/airflow/.local/lib/python3.7/site-packages/airflow/example_dags/example_branch_datetime_operator.py
[2022-10-25T14:29:07.915+0000] {processor.py:766} INFO - DAG(s) dict_keys(['example_branch_datetime_operator_2', 'example_branch_datetime_operator', 'example_branch_datetime_operator_3']) retrieved from /home/airflow/.local/lib/python3.7/site-packages/airflow/example_dags/example_branch_datetime_operator.py
[2022-10-25T14:29:07.993+0000] {logging_mixin.py:120} INFO - [2022-10-25T14:29:07.992+0000] {dag.py:2585} INFO - Sync 3 DAGs
[2022-10-25T14:29:08.029+0000] {logging_mixin.py:120} INFO - [2022-10-25T14:29:08.029+0000] {dag.py:3340} INFO - Setting next_dagrun for example_branch_datetime_operator to 2022-10-24T00:00:00+00:00, run_after=2022-10-25T00:00:00+00:00
[2022-10-25T14:29:08.038+0000] {logging_mixin.py:120} INFO - [2022-10-25T14:29:08.037+0000] {dag.py:3340} INFO - Setting next_dagrun for example_branch_datetime_operator_2 to 2022-10-24T00:00:00+00:00, run_after=2022-10-25T00:00:00+00:00
[2022-10-25T14:29:08.044+0000] {logging_mixin.py:120} INFO - [2022-10-25T14:29:08.044+0000] {dag.py:3340} INFO - Setting next_dagrun for example_branch_datetime_operator_3 to 2022-10-24T00:00:00+00:00, run_after=2022-10-25T00:00:00+00:00
[2022-10-25T14:29:08.088+0000] {processor.py:176} INFO - Processing /home/airflow/.local/lib/python3.7/site-packages/airflow/example_dags/example_branch_datetime_operator.py took 0.231 seconds
