[2022-10-25T14:27:48.815+0000] {processor.py:154} INFO - Started process (PID=319) to work on /home/airflow/.local/lib/python3.7/site-packages/airflow/example_dags/example_branch_operator_decorator.py
[2022-10-25T14:27:48.819+0000] {processor.py:756} INFO - Processing file /home/airflow/.local/lib/python3.7/site-packages/airflow/example_dags/example_branch_operator_decorator.py for tasks to queue
[2022-10-25T14:27:48.825+0000] {logging_mixin.py:120} INFO - [2022-10-25T14:27:48.825+0000] {dagbag.py:537} INFO - Filling up the DagBag from /home/airflow/.local/lib/python3.7/site-packages/airflow/example_dags/example_branch_operator_decorator.py
[2022-10-25T14:27:48.889+0000] {processor.py:766} INFO - DAG(s) dict_keys(['example_branch_python_operator_decorator']) retrieved from /home/airflow/.local/lib/python3.7/site-packages/airflow/example_dags/example_branch_operator_decorator.py
[2022-10-25T14:27:49.158+0000] {logging_mixin.py:120} INFO - [2022-10-25T14:27:49.158+0000] {dag.py:2585} INFO - Sync 1 DAGs
[2022-10-25T14:27:49.282+0000] {logging_mixin.py:120} INFO - [2022-10-25T14:27:49.281+0000] {dag.py:3340} INFO - Setting next_dagrun for example_branch_python_operator_decorator to 2022-10-24T00:00:00+00:00, run_after=2022-10-25T00:00:00+00:00
[2022-10-25T14:27:49.407+0000] {processor.py:176} INFO - Processing /home/airflow/.local/lib/python3.7/site-packages/airflow/example_dags/example_branch_operator_decorator.py took 0.596 seconds
[2022-10-25T14:28:20.069+0000] {processor.py:154} INFO - Started process (PID=520) to work on /home/airflow/.local/lib/python3.7/site-packages/airflow/example_dags/example_branch_operator_decorator.py
[2022-10-25T14:28:20.078+0000] {processor.py:756} INFO - Processing file /home/airflow/.local/lib/python3.7/site-packages/airflow/example_dags/example_branch_operator_decorator.py for tasks to queue
[2022-10-25T14:28:20.092+0000] {logging_mixin.py:120} INFO - [2022-10-25T14:28:20.092+0000] {dagbag.py:537} INFO - Filling up the DagBag from /home/airflow/.local/lib/python3.7/site-packages/airflow/example_dags/example_branch_operator_decorator.py
[2022-10-25T14:28:20.140+0000] {processor.py:766} INFO - DAG(s) dict_keys(['example_branch_python_operator_decorator']) retrieved from /home/airflow/.local/lib/python3.7/site-packages/airflow/example_dags/example_branch_operator_decorator.py
[2022-10-25T14:28:20.200+0000] {logging_mixin.py:120} INFO - [2022-10-25T14:28:20.200+0000] {dag.py:2585} INFO - Sync 1 DAGs
[2022-10-25T14:28:20.242+0000] {logging_mixin.py:120} INFO - [2022-10-25T14:28:20.242+0000] {dag.py:3340} INFO - Setting next_dagrun for example_branch_python_operator_decorator to 2022-10-24T00:00:00+00:00, run_after=2022-10-25T00:00:00+00:00
[2022-10-25T14:28:20.299+0000] {processor.py:176} INFO - Processing /home/airflow/.local/lib/python3.7/site-packages/airflow/example_dags/example_branch_operator_decorator.py took 0.240 seconds
[2022-10-25T14:28:51.159+0000] {processor.py:154} INFO - Started process (PID=727) to work on /home/airflow/.local/lib/python3.7/site-packages/airflow/example_dags/example_branch_operator_decorator.py
[2022-10-25T14:28:51.167+0000] {processor.py:756} INFO - Processing file /home/airflow/.local/lib/python3.7/site-packages/airflow/example_dags/example_branch_operator_decorator.py for tasks to queue
[2022-10-25T14:28:51.173+0000] {logging_mixin.py:120} INFO - [2022-10-25T14:28:51.172+0000] {dagbag.py:537} INFO - Filling up the DagBag from /home/airflow/.local/lib/python3.7/site-packages/airflow/example_dags/example_branch_operator_decorator.py
[2022-10-25T14:28:51.215+0000] {processor.py:766} INFO - DAG(s) dict_keys(['example_branch_python_operator_decorator']) retrieved from /home/airflow/.local/lib/python3.7/site-packages/airflow/example_dags/example_branch_operator_decorator.py
[2022-10-25T14:28:51.280+0000] {logging_mixin.py:120} INFO - [2022-10-25T14:28:51.280+0000] {dag.py:2585} INFO - Sync 1 DAGs
[2022-10-25T14:28:51.308+0000] {logging_mixin.py:120} INFO - [2022-10-25T14:28:51.308+0000] {dag.py:3340} INFO - Setting next_dagrun for example_branch_python_operator_decorator to 2022-10-24T00:00:00+00:00, run_after=2022-10-25T00:00:00+00:00
[2022-10-25T14:28:51.336+0000] {processor.py:176} INFO - Processing /home/airflow/.local/lib/python3.7/site-packages/airflow/example_dags/example_branch_operator_decorator.py took 0.182 seconds
[2022-10-25T14:29:21.967+0000] {processor.py:154} INFO - Started process (PID=929) to work on /home/airflow/.local/lib/python3.7/site-packages/airflow/example_dags/example_branch_operator_decorator.py
[2022-10-25T14:29:21.970+0000] {processor.py:756} INFO - Processing file /home/airflow/.local/lib/python3.7/site-packages/airflow/example_dags/example_branch_operator_decorator.py for tasks to queue
[2022-10-25T14:29:21.975+0000] {logging_mixin.py:120} INFO - [2022-10-25T14:29:21.975+0000] {dagbag.py:537} INFO - Filling up the DagBag from /home/airflow/.local/lib/python3.7/site-packages/airflow/example_dags/example_branch_operator_decorator.py
[2022-10-25T14:29:22.044+0000] {processor.py:766} INFO - DAG(s) dict_keys(['example_branch_python_operator_decorator']) retrieved from /home/airflow/.local/lib/python3.7/site-packages/airflow/example_dags/example_branch_operator_decorator.py
[2022-10-25T14:29:22.096+0000] {logging_mixin.py:120} INFO - [2022-10-25T14:29:22.096+0000] {dag.py:2585} INFO - Sync 1 DAGs
[2022-10-25T14:29:22.128+0000] {logging_mixin.py:120} INFO - [2022-10-25T14:29:22.128+0000] {dag.py:3340} INFO - Setting next_dagrun for example_branch_python_operator_decorator to 2022-10-24T00:00:00+00:00, run_after=2022-10-25T00:00:00+00:00
[2022-10-25T14:29:22.153+0000] {processor.py:176} INFO - Processing /home/airflow/.local/lib/python3.7/site-packages/airflow/example_dags/example_branch_operator_decorator.py took 0.190 seconds
