[2022-10-25T14:27:36.640+0000] {processor.py:154} INFO - Started process (PID=263) to work on /home/airflow/.local/lib/python3.7/site-packages/airflow/example_dags/tutorial.py
[2022-10-25T14:27:36.648+0000] {processor.py:756} INFO - Processing file /home/airflow/.local/lib/python3.7/site-packages/airflow/example_dags/tutorial.py for tasks to queue
[2022-10-25T14:27:36.653+0000] {logging_mixin.py:120} INFO - [2022-10-25T14:27:36.653+0000] {dagbag.py:537} INFO - Filling up the DagBag from /home/airflow/.local/lib/python3.7/site-packages/airflow/example_dags/tutorial.py
[2022-10-25T14:27:37.362+0000] {processor.py:766} INFO - DAG(s) dict_keys(['tutorial']) retrieved from /home/airflow/.local/lib/python3.7/site-packages/airflow/example_dags/tutorial.py
[2022-10-25T14:27:37.984+0000] {logging_mixin.py:120} INFO - [2022-10-25T14:27:37.984+0000] {dag.py:2585} INFO - Sync 1 DAGs
[2022-10-25T14:27:38.492+0000] {logging_mixin.py:120} INFO - [2022-10-25T14:27:38.492+0000] {dag.py:3340} INFO - Setting next_dagrun for tutorial to 2022-10-24T14:27:38.492108+00:00, run_after=2022-10-25T14:27:38.492108+00:00
[2022-10-25T14:27:38.719+0000] {processor.py:176} INFO - Processing /home/airflow/.local/lib/python3.7/site-packages/airflow/example_dags/tutorial.py took 2.086 seconds
[2022-10-25T14:28:08.952+0000] {processor.py:154} INFO - Started process (PID=460) to work on /home/airflow/.local/lib/python3.7/site-packages/airflow/example_dags/tutorial.py
[2022-10-25T14:28:08.956+0000] {processor.py:756} INFO - Processing file /home/airflow/.local/lib/python3.7/site-packages/airflow/example_dags/tutorial.py for tasks to queue
[2022-10-25T14:28:08.957+0000] {logging_mixin.py:120} INFO - [2022-10-25T14:28:08.957+0000] {dagbag.py:537} INFO - Filling up the DagBag from /home/airflow/.local/lib/python3.7/site-packages/airflow/example_dags/tutorial.py
[2022-10-25T14:28:08.992+0000] {processor.py:766} INFO - DAG(s) dict_keys(['tutorial']) retrieved from /home/airflow/.local/lib/python3.7/site-packages/airflow/example_dags/tutorial.py
[2022-10-25T14:28:09.097+0000] {logging_mixin.py:120} INFO - [2022-10-25T14:28:09.097+0000] {dag.py:2585} INFO - Sync 1 DAGs
[2022-10-25T14:28:09.148+0000] {logging_mixin.py:120} INFO - [2022-10-25T14:28:09.148+0000] {dag.py:3340} INFO - Setting next_dagrun for tutorial to 2022-10-24T14:28:09.148654+00:00, run_after=2022-10-25T14:28:09.148654+00:00
[2022-10-25T14:28:09.182+0000] {processor.py:176} INFO - Processing /home/airflow/.local/lib/python3.7/site-packages/airflow/example_dags/tutorial.py took 0.233 seconds
[2022-10-25T14:28:39.472+0000] {processor.py:154} INFO - Started process (PID=660) to work on /home/airflow/.local/lib/python3.7/site-packages/airflow/example_dags/tutorial.py
[2022-10-25T14:28:39.475+0000] {processor.py:756} INFO - Processing file /home/airflow/.local/lib/python3.7/site-packages/airflow/example_dags/tutorial.py for tasks to queue
[2022-10-25T14:28:39.477+0000] {logging_mixin.py:120} INFO - [2022-10-25T14:28:39.477+0000] {dagbag.py:537} INFO - Filling up the DagBag from /home/airflow/.local/lib/python3.7/site-packages/airflow/example_dags/tutorial.py
[2022-10-25T14:28:39.494+0000] {processor.py:766} INFO - DAG(s) dict_keys(['tutorial']) retrieved from /home/airflow/.local/lib/python3.7/site-packages/airflow/example_dags/tutorial.py
[2022-10-25T14:28:39.540+0000] {logging_mixin.py:120} INFO - [2022-10-25T14:28:39.540+0000] {dag.py:2585} INFO - Sync 1 DAGs
[2022-10-25T14:28:39.562+0000] {logging_mixin.py:120} INFO - [2022-10-25T14:28:39.561+0000] {dag.py:3340} INFO - Setting next_dagrun for tutorial to 2022-10-24T14:28:39.561675+00:00, run_after=2022-10-25T14:28:39.561675+00:00
[2022-10-25T14:28:39.580+0000] {processor.py:176} INFO - Processing /home/airflow/.local/lib/python3.7/site-packages/airflow/example_dags/tutorial.py took 0.110 seconds
[2022-10-25T14:29:10.228+0000] {processor.py:154} INFO - Started process (PID=867) to work on /home/airflow/.local/lib/python3.7/site-packages/airflow/example_dags/tutorial.py
[2022-10-25T14:29:10.232+0000] {processor.py:756} INFO - Processing file /home/airflow/.local/lib/python3.7/site-packages/airflow/example_dags/tutorial.py for tasks to queue
[2022-10-25T14:29:10.236+0000] {logging_mixin.py:120} INFO - [2022-10-25T14:29:10.236+0000] {dagbag.py:537} INFO - Filling up the DagBag from /home/airflow/.local/lib/python3.7/site-packages/airflow/example_dags/tutorial.py
[2022-10-25T14:29:10.291+0000] {processor.py:766} INFO - DAG(s) dict_keys(['tutorial']) retrieved from /home/airflow/.local/lib/python3.7/site-packages/airflow/example_dags/tutorial.py
[2022-10-25T14:29:10.392+0000] {logging_mixin.py:120} INFO - [2022-10-25T14:29:10.392+0000] {dag.py:2585} INFO - Sync 1 DAGs
[2022-10-25T14:29:10.428+0000] {logging_mixin.py:120} INFO - [2022-10-25T14:29:10.428+0000] {dag.py:3340} INFO - Setting next_dagrun for tutorial to 2022-10-24T14:29:10.428238+00:00, run_after=2022-10-25T14:29:10.428238+00:00
[2022-10-25T14:29:10.457+0000] {processor.py:176} INFO - Processing /home/airflow/.local/lib/python3.7/site-packages/airflow/example_dags/tutorial.py took 0.240 seconds
