[2022-10-25T14:27:30.104+0000] {processor.py:154} INFO - Started process (PID=228) to work on /home/airflow/.local/lib/python3.7/site-packages/airflow/example_dags/tutorial_dag.py
[2022-10-25T14:27:30.113+0000] {processor.py:756} INFO - Processing file /home/airflow/.local/lib/python3.7/site-packages/airflow/example_dags/tutorial_dag.py for tasks to queue
[2022-10-25T14:27:30.125+0000] {logging_mixin.py:120} INFO - [2022-10-25T14:27:30.125+0000] {dagbag.py:537} INFO - Filling up the DagBag from /home/airflow/.local/lib/python3.7/site-packages/airflow/example_dags/tutorial_dag.py
[2022-10-25T14:27:30.350+0000] {processor.py:766} INFO - DAG(s) dict_keys(['tutorial_dag']) retrieved from /home/airflow/.local/lib/python3.7/site-packages/airflow/example_dags/tutorial_dag.py
[2022-10-25T14:27:32.151+0000] {logging_mixin.py:120} INFO - [2022-10-25T14:27:32.150+0000] {dag.py:2585} INFO - Sync 1 DAGs
[2022-10-25T14:27:32.304+0000] {logging_mixin.py:120} INFO - [2022-10-25T14:27:32.303+0000] {dag.py:3340} INFO - Setting next_dagrun for tutorial_dag to None, run_after=None
[2022-10-25T14:27:32.460+0000] {processor.py:176} INFO - Processing /home/airflow/.local/lib/python3.7/site-packages/airflow/example_dags/tutorial_dag.py took 2.442 seconds
[2022-10-25T14:28:02.964+0000] {processor.py:154} INFO - Started process (PID=419) to work on /home/airflow/.local/lib/python3.7/site-packages/airflow/example_dags/tutorial_dag.py
[2022-10-25T14:28:02.976+0000] {processor.py:756} INFO - Processing file /home/airflow/.local/lib/python3.7/site-packages/airflow/example_dags/tutorial_dag.py for tasks to queue
[2022-10-25T14:28:02.982+0000] {logging_mixin.py:120} INFO - [2022-10-25T14:28:02.982+0000] {dagbag.py:537} INFO - Filling up the DagBag from /home/airflow/.local/lib/python3.7/site-packages/airflow/example_dags/tutorial_dag.py
[2022-10-25T14:28:03.038+0000] {processor.py:766} INFO - DAG(s) dict_keys(['tutorial_dag']) retrieved from /home/airflow/.local/lib/python3.7/site-packages/airflow/example_dags/tutorial_dag.py
[2022-10-25T14:28:03.277+0000] {logging_mixin.py:120} INFO - [2022-10-25T14:28:03.277+0000] {dag.py:2585} INFO - Sync 1 DAGs
[2022-10-25T14:28:03.389+0000] {logging_mixin.py:120} INFO - [2022-10-25T14:28:03.389+0000] {dag.py:3340} INFO - Setting next_dagrun for tutorial_dag to None, run_after=None
[2022-10-25T14:28:03.634+0000] {processor.py:176} INFO - Processing /home/airflow/.local/lib/python3.7/site-packages/airflow/example_dags/tutorial_dag.py took 0.682 seconds
[2022-10-25T14:28:33.846+0000] {processor.py:154} INFO - Started process (PID=627) to work on /home/airflow/.local/lib/python3.7/site-packages/airflow/example_dags/tutorial_dag.py
[2022-10-25T14:28:33.851+0000] {processor.py:756} INFO - Processing file /home/airflow/.local/lib/python3.7/site-packages/airflow/example_dags/tutorial_dag.py for tasks to queue
[2022-10-25T14:28:33.852+0000] {logging_mixin.py:120} INFO - [2022-10-25T14:28:33.852+0000] {dagbag.py:537} INFO - Filling up the DagBag from /home/airflow/.local/lib/python3.7/site-packages/airflow/example_dags/tutorial_dag.py
[2022-10-25T14:28:33.878+0000] {processor.py:766} INFO - DAG(s) dict_keys(['tutorial_dag']) retrieved from /home/airflow/.local/lib/python3.7/site-packages/airflow/example_dags/tutorial_dag.py
[2022-10-25T14:28:33.934+0000] {logging_mixin.py:120} INFO - [2022-10-25T14:28:33.934+0000] {dag.py:2585} INFO - Sync 1 DAGs
[2022-10-25T14:28:33.959+0000] {logging_mixin.py:120} INFO - [2022-10-25T14:28:33.959+0000] {dag.py:3340} INFO - Setting next_dagrun for tutorial_dag to None, run_after=None
[2022-10-25T14:28:33.978+0000] {processor.py:176} INFO - Processing /home/airflow/.local/lib/python3.7/site-packages/airflow/example_dags/tutorial_dag.py took 0.136 seconds
[2022-10-25T14:29:04.422+0000] {processor.py:154} INFO - Started process (PID=835) to work on /home/airflow/.local/lib/python3.7/site-packages/airflow/example_dags/tutorial_dag.py
[2022-10-25T14:29:04.426+0000] {processor.py:756} INFO - Processing file /home/airflow/.local/lib/python3.7/site-packages/airflow/example_dags/tutorial_dag.py for tasks to queue
[2022-10-25T14:29:04.434+0000] {logging_mixin.py:120} INFO - [2022-10-25T14:29:04.434+0000] {dagbag.py:537} INFO - Filling up the DagBag from /home/airflow/.local/lib/python3.7/site-packages/airflow/example_dags/tutorial_dag.py
[2022-10-25T14:29:04.504+0000] {processor.py:766} INFO - DAG(s) dict_keys(['tutorial_dag']) retrieved from /home/airflow/.local/lib/python3.7/site-packages/airflow/example_dags/tutorial_dag.py
[2022-10-25T14:29:04.627+0000] {logging_mixin.py:120} INFO - [2022-10-25T14:29:04.626+0000] {dag.py:2585} INFO - Sync 1 DAGs
[2022-10-25T14:29:04.655+0000] {logging_mixin.py:120} INFO - [2022-10-25T14:29:04.655+0000] {dag.py:3340} INFO - Setting next_dagrun for tutorial_dag to None, run_after=None
[2022-10-25T14:29:04.677+0000] {processor.py:176} INFO - Processing /home/airflow/.local/lib/python3.7/site-packages/airflow/example_dags/tutorial_dag.py took 0.260 seconds
